Using pre-set license
Built from '2020.3/release' branch; Version is '2020.3.12f1 (b3b2c6512326) revision 11776710'; Using compiler version '192528614'; Build Type 'Release'
OS: 'Windows 10 Pro; OS build 18363.1556; Version 1909; 64bit' Language: 'en' Physical Memory: 8089 MB
BatchMode: 1, IsHumanControllingUs: 0, StartBugReporterOnCrash: 0, Is64bit: 1, IsPro: 0

 COMMAND LINE ARGUMENTS:
C:\Program Files\Unity\Hub\Editor\2020.3.12f1\Editor\Unity.exe
-adb2
-batchMode
-noUpm
-name
AssetImportWorker0
-projectPath
C:/Users/HP/source/Unity Projects/SpaceGame/SpaceGame
-logFile
Logs/AssetImportWorker0.log
-srvPort
52768
Successfully changed project path to: C:/Users/HP/source/Unity Projects/SpaceGame/SpaceGame
C:/Users/HP/source/Unity Projects/SpaceGame/SpaceGame
Using Asset Import Pipeline V2.
Refreshing native plugins compatible for Editor in 64.47 ms, found 2 plugins.
Preloading 0 native plugins for Editor in 0.00 ms.
Initialize engine version: 2020.3.12f1 (b3b2c6512326)
[Subsystems] Discovering subsystems at path C:/Program Files/Unity/Hub/Editor/2020.3.12f1/Editor/Data/Resources/UnitySubsystems
[Subsystems] Discovering subsystems at path C:/Users/HP/source/Unity Projects/SpaceGame/SpaceGame/Assets
GfxDevice: creating device client; threaded=0
Direct3D:
    Version:  Direct3D 11.0 [level 11.1]
    Renderer: Intel(R) HD Graphics Family (ID=0xa16)
    Vendor:   
    VRAM:     2048 MB
    Driver:   20.19.15.5126
Initialize mono
Mono path[0] = 'C:/Program Files/Unity/Hub/Editor/2020.3.12f1/Editor/Data/Managed'
Mono path[1] = 'C:/Program Files/Unity/Hub/Editor/2020.3.12f1/Editor/Data/MonoBleedingEdge/lib/mono/unityjit'
Mono config path = 'C:/Program Files/Unity/Hub/Editor/2020.3.12f1/Editor/Data/MonoBleedingEdge/etc'
Using monoOptions --debugger-agent=transport=dt_socket,embedding=1,server=y,suspend=n,address=127.0.0.1:56928
Begin MonoManager ReloadAssembly
Registering precompiled unity dll's ...
Register platform support module: C:/Program Files/Unity/Hub/Editor/2020.3.12f1/Editor/Data/PlaybackEngines/WebGLSupport/UnityEditor.WebGL.Extensions.dll
Register platform support module: C:/Program Files/Unity/Hub/Editor/2020.3.12f1/Editor/Data/PlaybackEngines/WindowsStandaloneSupport/UnityEditor.WindowsStandalone.Extensions.dll
Registered in 0.004090 seconds.
Native extension for WindowsStandalone target not found
Native extension for WebGL target not found
Refreshing native plugins compatible for Editor in 89.27 ms, found 2 plugins.
Preloading 0 native plugins for Editor in 0.00 ms.
Mono: successfully reloaded assembly
- Completed reload, in  2.675 seconds
Platform modules already initialized, skipping
Registering precompiled user dll's ...
Registered in 0.007005 seconds.
Begin MonoManager ReloadAssembly
Native extension for WindowsStandalone target not found
Native extension for WebGL target not found
Refreshing native plugins compatible for Editor in 1.07 ms, found 2 plugins.
Preloading 0 native plugins for Editor in 0.00 ms.
Mono: successfully reloaded assembly
- Completed reload, in  2.633 seconds
Platform modules already initialized, skipping
========================================================================
Worker process is ready to serve import requests
Launched and connected shader compiler UnityShaderCompiler.exe after 0.18 seconds
Refreshing native plugins compatible for Editor in 0.68 ms, found 2 plugins.
Preloading 0 native plugins for Editor in 0.00 ms.
Unloading 1409 Unused Serialized files (Serialized files now loaded: 0)
System memory in use before: 65.3 MB.
System memory in use after: 65.4 MB.

Unloading 18 unused Assets to reduce memory usage. Loaded Objects now: 1844.
Total: 5.538100 ms (FindLiveObjects: 0.446200 ms CreateObjectMapping: 0.238300 ms MarkObjects: 4.723100 ms  DeleteObjects: 0.127800 ms)

AssetImportParameters requested are different than current active one (requested -> active):
  custom:framework-win-MediaFoundation: 216162199b28c13a410421893ffa2e32 -> 
  custom:video-decoder-ogg-theora: a1e56fd34408186e4bbccfd4996cb3dc -> 
  custom:container-muxer-webm: aa71ff27fc2769a1b78a27578f13a17b -> 
  custom:container-demuxer-webm: 4f35f7cbe854078d1ac9338744f61a02 -> 
  custom:container-demuxer-ogg: 62fdf1f143b41e24485cea50d1cbac27 -> 
  custom:video-encoder-webm-vp8: eb34c28f22e8b96e1ab97ce403110664 -> 
  custom:video-decoder-webm-vp8: 9c59270c3fd7afecdb556c50c9e8de78 -> 
  custom:audio-decoder-ogg-vorbis: bf7c407c2cedff20999df2af8eb42d56 -> 
  custom:audio-encoder-webm-vorbis: bf7c407c2cedff20999df2af8eb42d56 -> 
========================================================================
Received Import Request.
  path: Assets/Scripts/Ai
  artifactKey: Guid(74d823656d0e1cc41b5385d6fd858558) Importer(815301076,1909f56bfc062723c751e8b465ee728b)
Start importing Assets/Scripts/Ai using Guid(74d823656d0e1cc41b5385d6fd858558) Importer(815301076,1909f56bfc062723c751e8b465ee728b)  -> (artifact id: 'dc83464dd29ff61c8471c055462300d1') in 0.125994 seconds 
  Import took 0.158189 seconds .

========================================================================
Received Import Request.
  Time since last request: 3.870136 seconds.
  path: Assets/Scripts/Ai/BehaviourNode.cs
  artifactKey: Guid(c6358c29b5007394884f628f6eb372f4) Importer(815301076,1909f56bfc062723c751e8b465ee728b)
Start importing Assets/Scripts/Ai/BehaviourNode.cs using Guid(c6358c29b5007394884f628f6eb372f4) Importer(815301076,1909f56bfc062723c751e8b465ee728b)  -> (artifact id: 'ada7a664103ba17193efd12c5c345941') in 0.264908 seconds 
  Import took 0.299557 seconds .

========================================================================
Received Prepare
Registering precompiled user dll's ...
Registered in 0.011712 seconds.
Begin MonoManager ReloadAssembly
Native extension for WindowsStandalone target not found
Native extension for WebGL target not found
Refreshing native plugins compatible for Editor in 0.54 ms, found 2 plugins.
Preloading 0 native plugins for Editor in 0.00 ms.
Mono: successfully reloaded assembly
- Completed reload, in  2.980 seconds
Platform modules already initialized, skipping
Script is not up to date after domain reload: guid(eedf3735e78ecce43b366c47a966424e) path("Assets/Scripts/Ai/SelectorNode.cs") state(2)
Refreshing native plugins compatible for Editor in 1.49 ms, found 2 plugins.
Preloading 0 native plugins for Editor in 0.00 ms.
Unloading 1404 Unused Serialized files (Serialized files now loaded: 0)
System memory in use before: 65.2 MB.
System memory in use after: 65.3 MB.

Unloading 13 unused Assets to reduce memory usage. Loaded Objects now: 1848.
Total: 19.490800 ms (FindLiveObjects: 0.539200 ms CreateObjectMapping: 0.307700 ms MarkObjects: 18.560800 ms  DeleteObjects: 0.079900 ms)

AssetImportParameters requested are different than current active one (requested -> active):
  custom:framework-win-MediaFoundation: 216162199b28c13a410421893ffa2e32 -> 
  custom:video-decoder-ogg-theora: a1e56fd34408186e4bbccfd4996cb3dc -> 
  custom:container-muxer-webm: aa71ff27fc2769a1b78a27578f13a17b -> 
  custom:container-demuxer-webm: 4f35f7cbe854078d1ac9338744f61a02 -> 
  custom:container-demuxer-ogg: 62fdf1f143b41e24485cea50d1cbac27 -> 
  custom:video-encoder-webm-vp8: eb34c28f22e8b96e1ab97ce403110664 -> 
  custom:video-decoder-webm-vp8: 9c59270c3fd7afecdb556c50c9e8de78 -> 
  custom:audio-decoder-ogg-vorbis: bf7c407c2cedff20999df2af8eb42d56 -> 
  custom:audio-encoder-webm-vorbis: bf7c407c2cedff20999df2af8eb42d56 -> 
========================================================================
Received Import Request.
  Time since last request: 14.266229 seconds.
  path: Assets/Scripts/Ai/SelectorNode.cs
  artifactKey: Guid(eedf3735e78ecce43b366c47a966424e) Importer(815301076,1909f56bfc062723c751e8b465ee728b)
Start importing Assets/Scripts/Ai/SelectorNode.cs using Guid(eedf3735e78ecce43b366c47a966424e) Importer(815301076,1909f56bfc062723c751e8b465ee728b)  -> (artifact id: '884716a1b26744776756916010b4f4c4') in 0.349110 seconds 
  Import took 0.470664 seconds .

========================================================================
Received Prepare
Registering precompiled user dll's ...
Registered in 0.014595 seconds.
Begin MonoManager ReloadAssembly
Native extension for WindowsStandalone target not found
Native extension for WebGL target not found
Refreshing native plugins compatible for Editor in 1.51 ms, found 2 plugins.
Preloading 0 native plugins for Editor in 0.00 ms.
Mono: successfully reloaded assembly
- Completed reload, in  2.757 seconds
Platform modules already initialized, skipping
Refreshing native plugins compatible for Editor in 0.74 ms, found 2 plugins.
Preloading 0 native plugins for Editor in 0.00 ms.
Unloading 1405 Unused Serialized files (Serialized files now loaded: 0)
System memory in use before: 65.2 MB.
System memory in use after: 65.3 MB.

Unloading 13 unused Assets to reduce memory usage. Loaded Objects now: 1852.
Total: 4.707100 ms (FindLiveObjects: 0.437600 ms CreateObjectMapping: 0.209500 ms MarkObjects: 4.019200 ms  DeleteObjects: 0.038000 ms)

AssetImportParameters requested are different than current active one (requested -> active):
  custom:framework-win-MediaFoundation: 216162199b28c13a410421893ffa2e32 -> 
  custom:video-decoder-ogg-theora: a1e56fd34408186e4bbccfd4996cb3dc -> 
  custom:container-muxer-webm: aa71ff27fc2769a1b78a27578f13a17b -> 
  custom:container-demuxer-webm: 4f35f7cbe854078d1ac9338744f61a02 -> 
  custom:container-demuxer-ogg: 62fdf1f143b41e24485cea50d1cbac27 -> 
  custom:video-encoder-webm-vp8: eb34c28f22e8b96e1ab97ce403110664 -> 
  custom:video-decoder-webm-vp8: 9c59270c3fd7afecdb556c50c9e8de78 -> 
  custom:audio-decoder-ogg-vorbis: bf7c407c2cedff20999df2af8eb42d56 -> 
  custom:audio-encoder-webm-vorbis: bf7c407c2cedff20999df2af8eb42d56 -> 
========================================================================
Received Import Request.
  Time since last request: 9.719300 seconds.
  path: Assets/Scripts/Ai/SequenceNode.cs
  artifactKey: Guid(c741bd139b57b494eb1c0bab6437ef62) Importer(815301076,1909f56bfc062723c751e8b465ee728b)
Start importing Assets/Scripts/Ai/SequenceNode.cs using Guid(c741bd139b57b494eb1c0bab6437ef62) Importer(815301076,1909f56bfc062723c751e8b465ee728b)  -> (artifact id: '02d87145c1f25db851d57847eb9f9e00') in 0.117189 seconds 
  Import took 0.127683 seconds .

========================================================================
Received Prepare
Registering precompiled user dll's ...
Registered in 0.013666 seconds.
Begin MonoManager ReloadAssembly
Native extension for WindowsStandalone target not found
Native extension for WebGL target not found
Refreshing native plugins compatible for Editor in 0.75 ms, found 2 plugins.
Preloading 0 native plugins for Editor in 0.00 ms.
Mono: successfully reloaded assembly
- Completed reload, in  3.020 seconds
Platform modules already initialized, skipping
Refreshing native plugins compatible for Editor in 0.80 ms, found 2 plugins.
Preloading 0 native plugins for Editor in 0.00 ms.
Unloading 1406 Unused Serialized files (Serialized files now loaded: 0)
System memory in use before: 65.3 MB.
System memory in use after: 65.4 MB.

Unloading 13 unused Assets to reduce memory usage. Loaded Objects now: 1856.
Total: 4.543000 ms (FindLiveObjects: 0.549300 ms CreateObjectMapping: 0.216600 ms MarkObjects: 3.739900 ms  DeleteObjects: 0.033900 ms)

AssetImportParameters requested are different than current active one (requested -> active):
  custom:framework-win-MediaFoundation: 216162199b28c13a410421893ffa2e32 -> 
  custom:video-decoder-ogg-theora: a1e56fd34408186e4bbccfd4996cb3dc -> 
  custom:container-muxer-webm: aa71ff27fc2769a1b78a27578f13a17b -> 
  custom:container-demuxer-webm: 4f35f7cbe854078d1ac9338744f61a02 -> 
  custom:container-demuxer-ogg: 62fdf1f143b41e24485cea50d1cbac27 -> 
  custom:video-encoder-webm-vp8: eb34c28f22e8b96e1ab97ce403110664 -> 
  custom:video-decoder-webm-vp8: 9c59270c3fd7afecdb556c50c9e8de78 -> 
  custom:audio-decoder-ogg-vorbis: bf7c407c2cedff20999df2af8eb42d56 -> 
  custom:audio-encoder-webm-vorbis: bf7c407c2cedff20999df2af8eb42d56 -> 
========================================================================
Received Import Request.
  Time since last request: 145.316950 seconds.
  path: Assets/Scripts/Ai/BehaviourNode.cs
  artifactKey: Guid(c6358c29b5007394884f628f6eb372f4) Importer(815301076,1909f56bfc062723c751e8b465ee728b)
Start importing Assets/Scripts/Ai/BehaviourNode.cs using Guid(c6358c29b5007394884f628f6eb372f4) Importer(815301076,1909f56bfc062723c751e8b465ee728b)  -> (artifact id: '54d903b05e7b33de1c616fdd2b6b1ced') in 0.047878 seconds 
  Import took 0.064277 seconds .

========================================================================
Received Import Request.
  Time since last request: 748.534216 seconds.
  path: Assets/Scripts/Ai/BehaviourNode.cs
  artifactKey: Guid(c6358c29b5007394884f628f6eb372f4) Importer(815301076,1909f56bfc062723c751e8b465ee728b)
Start importing Assets/Scripts/Ai/BehaviourNode.cs using Guid(c6358c29b5007394884f628f6eb372f4) Importer(815301076,1909f56bfc062723c751e8b465ee728b)  -> (artifact id: '214681806a024abec06cdab559b3ea9b') in 0.035905 seconds 
  Import took 0.049608 seconds .

========================================================================
Received Prepare
Registering precompiled user dll's ...
Registered in 0.013605 seconds.
Begin MonoManager ReloadAssembly
Native extension for WindowsStandalone target not found
Native extension for WebGL target not found
Refreshing native plugins compatible for Editor in 0.42 ms, found 2 plugins.
Preloading 0 native plugins for Editor in 0.00 ms.
Mono: successfully reloaded assembly
- Completed reload, in  1.977 seconds
Platform modules already initialized, skipping
Refreshing native plugins compatible for Editor in 0.70 ms, found 2 plugins.
Preloading 0 native plugins for Editor in 0.00 ms.
Unloading 1406 Unused Serialized files (Serialized files now loaded: 0)
System memory in use before: 65.3 MB.
System memory in use after: 65.4 MB.

Unloading 13 unused Assets to reduce memory usage. Loaded Objects now: 1859.
Total: 4.990000 ms (FindLiveObjects: 0.295000 ms CreateObjectMapping: 0.668000 ms MarkObjects: 3.990900 ms  DeleteObjects: 0.033900 ms)

AssetImportParameters requested are different than current active one (requested -> active):
  custom:framework-win-MediaFoundation: 216162199b28c13a410421893ffa2e32 -> 
  custom:video-decoder-ogg-theora: a1e56fd34408186e4bbccfd4996cb3dc -> 
  custom:container-muxer-webm: aa71ff27fc2769a1b78a27578f13a17b -> 
  custom:container-demuxer-webm: 4f35f7cbe854078d1ac9338744f61a02 -> 
  custom:container-demuxer-ogg: 62fdf1f143b41e24485cea50d1cbac27 -> 
  custom:video-encoder-webm-vp8: eb34c28f22e8b96e1ab97ce403110664 -> 
  custom:video-decoder-webm-vp8: 9c59270c3fd7afecdb556c50c9e8de78 -> 
  custom:audio-decoder-ogg-vorbis: bf7c407c2cedff20999df2af8eb42d56 -> 
  custom:audio-encoder-webm-vorbis: bf7c407c2cedff20999df2af8eb42d56 -> 
========================================================================
Received Import Request.
  Time since last request: 34.988850 seconds.
  path: Assets/Scripts/Ai/FindWanderPoint.cs
  artifactKey: Guid(68df7ab388534b6418f49a711e8c5122) Importer(815301076,1909f56bfc062723c751e8b465ee728b)
Start importing Assets/Scripts/Ai/FindWanderPoint.cs using Guid(68df7ab388534b6418f49a711e8c5122) Importer(815301076,1909f56bfc062723c751e8b465ee728b)  -> (artifact id: 'ca029e924bee72bcd36dff19911026ba') in 0.084542 seconds 
  Import took 0.099057 seconds .

========================================================================
Received Prepare
Registering precompiled user dll's ...
Registered in 0.012235 seconds.
Begin MonoManager ReloadAssembly
Native extension for WindowsStandalone target not found
Native extension for WebGL target not found
Refreshing native plugins compatible for Editor in 0.42 ms, found 2 plugins.
Preloading 0 native plugins for Editor in 0.00 ms.
Mono: successfully reloaded assembly
- Completed reload, in  2.374 seconds
Platform modules already initialized, skipping
Refreshing native plugins compatible for Editor in 1.43 ms, found 2 plugins.
Preloading 0 native plugins for Editor in 0.00 ms.
Unloading 1407 Unused Serialized files (Serialized files now loaded: 0)
System memory in use before: 65.3 MB.
System memory in use after: 65.4 MB.

Unloading 13 unused Assets to reduce memory usage. Loaded Objects now: 1863.
Total: 6.437000 ms (FindLiveObjects: 0.436800 ms CreateObjectMapping: 0.268600 ms MarkObjects: 5.670200 ms  DeleteObjects: 0.058200 ms)

AssetImportParameters requested are different than current active one (requested -> active):
  custom:framework-win-MediaFoundation: 216162199b28c13a410421893ffa2e32 -> 
  custom:video-decoder-ogg-theora: a1e56fd34408186e4bbccfd4996cb3dc -> 
  custom:container-muxer-webm: aa71ff27fc2769a1b78a27578f13a17b -> 
  custom:container-demuxer-webm: 4f35f7cbe854078d1ac9338744f61a02 -> 
  custom:container-demuxer-ogg: 62fdf1f143b41e24485cea50d1cbac27 -> 
  custom:video-encoder-webm-vp8: eb34c28f22e8b96e1ab97ce403110664 -> 
  custom:video-decoder-webm-vp8: 9c59270c3fd7afecdb556c50c9e8de78 -> 
  custom:audio-decoder-ogg-vorbis: bf7c407c2cedff20999df2af8eb42d56 -> 
  custom:audio-encoder-webm-vorbis: bf7c407c2cedff20999df2af8eb42d56 -> 
========================================================================
Received Import Request.
  Time since last request: 21.218430 seconds.
  path: Assets/Scripts/Ai/EnemyShip
  artifactKey: Guid(e656de2f47375344394fc0110ac1de28) Importer(815301076,1909f56bfc062723c751e8b465ee728b)
Start importing Assets/Scripts/Ai/EnemyShip using Guid(e656de2f47375344394fc0110ac1de28) Importer(815301076,1909f56bfc062723c751e8b465ee728b)  -> (artifact id: '140398f9b8435893a38fe957805de679') in 0.042184 seconds 
  Import took 0.051330 seconds .

========================================================================
Received Prepare
Registering precompiled user dll's ...
Registered in 0.008009 seconds.
Begin MonoManager ReloadAssembly
Native extension for WindowsStandalone target not found
Native extension for WebGL target not found
Refreshing native plugins compatible for Editor in 0.46 ms, found 2 plugins.
Preloading 0 native plugins for Editor in 0.00 ms.
Mono: successfully reloaded assembly
- Completed reload, in  2.351 seconds
Platform modules already initialized, skipping
Refreshing native plugins compatible for Editor in 0.87 ms, found 2 plugins.
Preloading 0 native plugins for Editor in 0.00 ms.
Unloading 1407 Unused Serialized files (Serialized files now loaded: 0)
System memory in use before: 65.3 MB.
System memory in use after: 65.4 MB.

Unloading 13 unused Assets to reduce memory usage. Loaded Objects now: 1866.
Total: 5.210100 ms (FindLiveObjects: 0.553300 ms CreateObjectMapping: 0.152300 ms MarkObjects: 4.461100 ms  DeleteObjects: 0.039200 ms)

AssetImportParameters requested are different than current active one (requested -> active):
  custom:framework-win-MediaFoundation: 216162199b28c13a410421893ffa2e32 -> 
  custom:video-decoder-ogg-theora: a1e56fd34408186e4bbccfd4996cb3dc -> 
  custom:container-muxer-webm: aa71ff27fc2769a1b78a27578f13a17b -> 
  custom:container-demuxer-webm: 4f35f7cbe854078d1ac9338744f61a02 -> 
  custom:container-demuxer-ogg: 62fdf1f143b41e24485cea50d1cbac27 -> 
  custom:video-encoder-webm-vp8: eb34c28f22e8b96e1ab97ce403110664 -> 
  custom:video-decoder-webm-vp8: 9c59270c3fd7afecdb556c50c9e8de78 -> 
  custom:audio-decoder-ogg-vorbis: bf7c407c2cedff20999df2af8eb42d56 -> 
  custom:audio-encoder-webm-vorbis: bf7c407c2cedff20999df2af8eb42d56 -> 
========================================================================
Received Import Request.
  Time since last request: 62.794947 seconds.
  path: Assets/Scripts/Ai/EnemyShip/FindWanderPoint.cs
  artifactKey: Guid(68df7ab388534b6418f49a711e8c5122) Importer(815301076,1909f56bfc062723c751e8b465ee728b)
Start importing Assets/Scripts/Ai/EnemyShip/FindWanderPoint.cs using Guid(68df7ab388534b6418f49a711e8c5122) Importer(815301076,1909f56bfc062723c751e8b465ee728b)  -> (artifact id: '908767440c0ec479b0744530e0c2cf0f') in 0.021358 seconds 
  Import took 0.047741 seconds .

========================================================================
Received Import Request.
  Time since last request: 5.993386 seconds.
  path: Assets/Scripts/Ai/EnemyShip/IShipAi.cs
  artifactKey: Guid(ad7de634a0ae5e947a5ca296045e77ec) Importer(815301076,1909f56bfc062723c751e8b465ee728b)
Start importing Assets/Scripts/Ai/EnemyShip/IShipAi.cs using Guid(ad7de634a0ae5e947a5ca296045e77ec) Importer(815301076,1909f56bfc062723c751e8b465ee728b)  -> (artifact id: 'a2657cde93f6094dbead5aaddfa63e07') in 0.263822 seconds 
  Import took 0.335749 seconds .

========================================================================
Received Import Request.
  Time since last request: 40.376329 seconds.
  path: Assets/Scripts/Ai/EnemyShip/IShipAi.cs
  artifactKey: Guid(ad7de634a0ae5e947a5ca296045e77ec) Importer(815301076,1909f56bfc062723c751e8b465ee728b)
Start importing Assets/Scripts/Ai/EnemyShip/IShipAi.cs using Guid(ad7de634a0ae5e947a5ca296045e77ec) Importer(815301076,1909f56bfc062723c751e8b465ee728b)  -> (artifact id: '8ae55f893dc74d46aa76a4c420c19b5b') in 0.026476 seconds 
  Import took 0.035093 seconds .

========================================================================
Received Import Request.
  Time since last request: 5.079374 seconds.
  path: Assets/Scripts/Ai/Ship
  artifactKey: Guid(e656de2f47375344394fc0110ac1de28) Importer(815301076,1909f56bfc062723c751e8b465ee728b)
Start importing Assets/Scripts/Ai/Ship using Guid(e656de2f47375344394fc0110ac1de28) Importer(815301076,1909f56bfc062723c751e8b465ee728b)  -> (artifact id: '444701974fc23e2490a49ce253cff6fe') in 0.030779 seconds 
  Import took 0.039143 seconds .

========================================================================
Received Import Request.
  Time since last request: 174.951621 seconds.
  path: Assets/Scripts/Ai/Ship/IShipAi.cs
  artifactKey: Guid(ad7de634a0ae5e947a5ca296045e77ec) Importer(815301076,1909f56bfc062723c751e8b465ee728b)
Start importing Assets/Scripts/Ai/Ship/IShipAi.cs using Guid(ad7de634a0ae5e947a5ca296045e77ec) Importer(815301076,1909f56bfc062723c751e8b465ee728b)  -> (artifact id: '4bfda3fe387eaabce92ee7aec82c6712') in 0.042567 seconds 
  Import took 0.100679 seconds .

========================================================================
Received Prepare
Registering precompiled user dll's ...
Registered in 0.009880 seconds.
Begin MonoManager ReloadAssembly
Native extension for WindowsStandalone target not found
Native extension for WebGL target not found
Refreshing native plugins compatible for Editor in 0.69 ms, found 2 plugins.
Preloading 0 native plugins for Editor in 0.00 ms.
Mono: successfully reloaded assembly
- Completed reload, in  2.241 seconds
Platform modules already initialized, skipping
Refreshing native plugins compatible for Editor in 2.13 ms, found 2 plugins.
Preloading 0 native plugins for Editor in 0.00 ms.
Unloading 1408 Unused Serialized files (Serialized files now loaded: 0)
System memory in use before: 65.3 MB.
System memory in use after: 65.4 MB.

Unloading 13 unused Assets to reduce memory usage. Loaded Objects now: 1870.
Total: 3.632600 ms (FindLiveObjects: 0.273100 ms CreateObjectMapping: 0.518900 ms MarkObjects: 2.806200 ms  DeleteObjects: 0.031000 ms)

AssetImportParameters requested are different than current active one (requested -> active):
  custom:framework-win-MediaFoundation: 216162199b28c13a410421893ffa2e32 -> 
  custom:video-decoder-ogg-theora: a1e56fd34408186e4bbccfd4996cb3dc -> 
  custom:container-muxer-webm: aa71ff27fc2769a1b78a27578f13a17b -> 
  custom:container-demuxer-webm: 4f35f7cbe854078d1ac9338744f61a02 -> 
  custom:container-demuxer-ogg: 62fdf1f143b41e24485cea50d1cbac27 -> 
  custom:video-encoder-webm-vp8: eb34c28f22e8b96e1ab97ce403110664 -> 
  custom:video-decoder-webm-vp8: 9c59270c3fd7afecdb556c50c9e8de78 -> 
  custom:audio-decoder-ogg-vorbis: bf7c407c2cedff20999df2af8eb42d56 -> 
  custom:audio-encoder-webm-vorbis: bf7c407c2cedff20999df2af8eb42d56 -> 
========================================================================
Received Import Request.
  Time since last request: 64.215020 seconds.
  path: Assets/Scripts/Ai/Ship/ShipController.cs
  artifactKey: Guid(274d1470320ce9a4d823c4e28fb7d6ac) Importer(815301076,1909f56bfc062723c751e8b465ee728b)
Start importing Assets/Scripts/Ai/Ship/ShipController.cs using Guid(274d1470320ce9a4d823c4e28fb7d6ac) Importer(815301076,1909f56bfc062723c751e8b465ee728b)  -> (artifact id: '7ccc3db9200c97ed78765d421ba088ba') in 0.099587 seconds 
  Import took 0.112858 seconds .

========================================================================
Received Prepare
Registering precompiled user dll's ...
Registered in 0.037584 seconds.
Begin MonoManager ReloadAssembly
Native extension for WindowsStandalone target not found
Native extension for WebGL target not found
Refreshing native plugins compatible for Editor in 0.55 ms, found 2 plugins.
Preloading 0 native plugins for Editor in 0.00 ms.
Mono: successfully reloaded assembly
- Completed reload, in  2.056 seconds
Platform modules already initialized, skipping
Refreshing native plugins compatible for Editor in 0.79 ms, found 2 plugins.
Preloading 0 native plugins for Editor in 0.00 ms.
Unloading 1409 Unused Serialized files (Serialized files now loaded: 0)
System memory in use before: 65.4 MB.
System memory in use after: 65.5 MB.

Unloading 13 unused Assets to reduce memory usage. Loaded Objects now: 1874.
Total: 6.372900 ms (FindLiveObjects: 1.570700 ms CreateObjectMapping: 0.452200 ms MarkObjects: 4.305200 ms  DeleteObjects: 0.041800 ms)

AssetImportParameters requested are different than current active one (requested -> active):
  custom:framework-win-MediaFoundation: 216162199b28c13a410421893ffa2e32 -> 
  custom:video-decoder-ogg-theora: a1e56fd34408186e4bbccfd4996cb3dc -> 
  custom:container-muxer-webm: aa71ff27fc2769a1b78a27578f13a17b -> 
  custom:container-demuxer-webm: 4f35f7cbe854078d1ac9338744f61a02 -> 
  custom:container-demuxer-ogg: 62fdf1f143b41e24485cea50d1cbac27 -> 
  custom:video-encoder-webm-vp8: eb34c28f22e8b96e1ab97ce403110664 -> 
  custom:video-decoder-webm-vp8: 9c59270c3fd7afecdb556c50c9e8de78 -> 
  custom:audio-decoder-ogg-vorbis: bf7c407c2cedff20999df2af8eb42d56 -> 
  custom:audio-encoder-webm-vorbis: bf7c407c2cedff20999df2af8eb42d56 -> 
========================================================================
Received Import Request.
  Time since last request: 397.647547 seconds.
  path: Assets/Scripts/Ai/Ship/ShipController.cs
  artifactKey: Guid(274d1470320ce9a4d823c4e28fb7d6ac) Importer(815301076,1909f56bfc062723c751e8b465ee728b)
Start importing Assets/Scripts/Ai/Ship/ShipController.cs using Guid(274d1470320ce9a4d823c4e28fb7d6ac) Importer(815301076,1909f56bfc062723c751e8b465ee728b)  -> (artifact id: '63c095e60c6d5c4e971e58903a832698') in 0.038528 seconds 
  Import took 0.062861 seconds .

========================================================================
Received Import Request.
  Time since last request: 4.136067 seconds.
  path: Assets/Scripts/Ai/Ship/IShipAi.cs
  artifactKey: Guid(ad7de634a0ae5e947a5ca296045e77ec) Importer(815301076,1909f56bfc062723c751e8b465ee728b)
Start importing Assets/Scripts/Ai/Ship/IShipAi.cs using Guid(ad7de634a0ae5e947a5ca296045e77ec) Importer(815301076,1909f56bfc062723c751e8b465ee728b)  -> (artifact id: '792ed2e50c597a20b725b2e32e417c87') in 0.025792 seconds 
  Import took 0.031984 seconds .

========================================================================
Received Prepare
Registering precompiled user dll's ...
Registered in 0.012651 seconds.
Begin MonoManager ReloadAssembly
Native extension for WindowsStandalone target not found
Native extension for WebGL target not found
Refreshing native plugins compatible for Editor in 0.70 ms, found 2 plugins.
Preloading 0 native plugins for Editor in 0.00 ms.
Mono: successfully reloaded assembly
- Completed reload, in  2.047 seconds
Platform modules already initialized, skipping
Refreshing native plugins compatible for Editor in 1.19 ms, found 2 plugins.
Preloading 0 native plugins for Editor in 0.00 ms.
Unloading 1409 Unused Serialized files (Serialized files now loaded: 0)
System memory in use before: 65.4 MB.
System memory in use after: 65.5 MB.

Unloading 13 unused Assets to reduce memory usage. Loaded Objects now: 1877.
Total: 5.772800 ms (FindLiveObjects: 0.656400 ms CreateObjectMapping: 0.263500 ms MarkObjects: 4.812200 ms  DeleteObjects: 0.037500 ms)

AssetImportParameters requested are different than current active one (requested -> active):
  custom:framework-win-MediaFoundation: 216162199b28c13a410421893ffa2e32 -> 
  custom:video-decoder-ogg-theora: a1e56fd34408186e4bbccfd4996cb3dc -> 
  custom:container-muxer-webm: aa71ff27fc2769a1b78a27578f13a17b -> 
  custom:container-demuxer-webm: 4f35f7cbe854078d1ac9338744f61a02 -> 
  custom:container-demuxer-ogg: 62fdf1f143b41e24485cea50d1cbac27 -> 
  custom:video-encoder-webm-vp8: eb34c28f22e8b96e1ab97ce403110664 -> 
  custom:video-decoder-webm-vp8: 9c59270c3fd7afecdb556c50c9e8de78 -> 
  custom:audio-decoder-ogg-vorbis: bf7c407c2cedff20999df2af8eb42d56 -> 
  custom:audio-encoder-webm-vorbis: bf7c407c2cedff20999df2af8eb42d56 -> 
========================================================================
Received Import Request.
  Time since last request: 157.944944 seconds.
  path: Assets/Scripts/Ai/Ship/MoveToTarget.cs
  artifactKey: Guid(555a9291b3778f34283380a09dfe09fa) Importer(815301076,1909f56bfc062723c751e8b465ee728b)
Start importing Assets/Scripts/Ai/Ship/MoveToTarget.cs using Guid(555a9291b3778f34283380a09dfe09fa) Importer(815301076,1909f56bfc062723c751e8b465ee728b)  -> (artifact id: '79a4c9df0c0a4a4d8f3dfe10e12d9de7') in 0.107702 seconds 
  Import took 0.119989 seconds .

========================================================================
Received Prepare
Registering precompiled user dll's ...
Registered in 0.010290 seconds.
Begin MonoManager ReloadAssembly
Native extension for WindowsStandalone target not found
Native extension for WebGL target not found
Refreshing native plugins compatible for Editor in 0.43 ms, found 2 plugins.
Preloading 0 native plugins for Editor in 0.00 ms.
Mono: successfully reloaded assembly
- Completed reload, in  2.233 seconds
Platform modules already initialized, skipping
Refreshing native plugins compatible for Editor in 0.65 ms, found 2 plugins.
Preloading 0 native plugins for Editor in 0.00 ms.
Unloading 1410 Unused Serialized files (Serialized files now loaded: 0)
System memory in use before: 65.4 MB.
System memory in use after: 65.5 MB.

Unloading 13 unused Assets to reduce memory usage. Loaded Objects now: 1881.
Total: 4.176200 ms (FindLiveObjects: 0.405100 ms CreateObjectMapping: 0.203300 ms MarkObjects: 3.539800 ms  DeleteObjects: 0.024800 ms)

AssetImportParameters requested are different than current active one (requested -> active):
  custom:framework-win-MediaFoundation: 216162199b28c13a410421893ffa2e32 -> 
  custom:video-decoder-ogg-theora: a1e56fd34408186e4bbccfd4996cb3dc -> 
  custom:container-muxer-webm: aa71ff27fc2769a1b78a27578f13a17b -> 
  custom:container-demuxer-webm: 4f35f7cbe854078d1ac9338744f61a02 -> 
  custom:container-demuxer-ogg: 62fdf1f143b41e24485cea50d1cbac27 -> 
  custom:video-encoder-webm-vp8: eb34c28f22e8b96e1ab97ce403110664 -> 
  custom:video-decoder-webm-vp8: 9c59270c3fd7afecdb556c50c9e8de78 -> 
  custom:audio-decoder-ogg-vorbis: bf7c407c2cedff20999df2af8eb42d56 -> 
  custom:audio-encoder-webm-vorbis: bf7c407c2cedff20999df2af8eb42d56 -> 
========================================================================
Received Import Request.
  Time since last request: 508.552048 seconds.
  path: Assets/Scripts/Ai/Ship/MoveToTarget.cs
  artifactKey: Guid(555a9291b3778f34283380a09dfe09fa) Importer(815301076,1909f56bfc062723c751e8b465ee728b)
Start importing Assets/Scripts/Ai/Ship/MoveToTarget.cs using Guid(555a9291b3778f34283380a09dfe09fa) Importer(815301076,1909f56bfc062723c751e8b465ee728b)  -> (artifact id: 'a4fa433ddc050982c4b7d360f1f2dd2c') in 0.101907 seconds 
  Import took 0.111399 seconds .

========================================================================
Received Import Request.
  Time since last request: 0.059238 seconds.
  path: Assets/Scripts/Ai/Ship/MoveToTarget.cs
  artifactKey: Guid(555a9291b3778f34283380a09dfe09fa) Importer(815301076,1909f56bfc062723c751e8b465ee728b)
Start importing Assets/Scripts/Ai/Ship/MoveToTarget.cs using Guid(555a9291b3778f34283380a09dfe09fa) Importer(815301076,1909f56bfc062723c751e8b465ee728b)  -> (artifact id: 'a4fa433ddc050982c4b7d360f1f2dd2c') in 0.030153 seconds 
  Import took 0.047334 seconds .

========================================================================
Received Import Request.
  Time since last request: 9.994497 seconds.
  path: Assets/Scripts/Ai/Ship/TurnToTargetTask.cs
  artifactKey: Guid(1a0bc474736f9d246b9c93466d0747dc) Importer(815301076,1909f56bfc062723c751e8b465ee728b)
Start importing Assets/Scripts/Ai/Ship/TurnToTargetTask.cs using Guid(1a0bc474736f9d246b9c93466d0747dc) Importer(815301076,1909f56bfc062723c751e8b465ee728b)  -> (artifact id: '109f3c7674ece2733ff460baf12e3dd3') in 0.062784 seconds 
  Import took 0.103754 seconds .

========================================================================
Received Import Request.
  Time since last request: 714.833043 seconds.
  path: Assets/Scripts/Ai/Ship/TurnToTargetTask.cs
  artifactKey: Guid(1a0bc474736f9d246b9c93466d0747dc) Importer(815301076,1909f56bfc062723c751e8b465ee728b)
Start importing Assets/Scripts/Ai/Ship/TurnToTargetTask.cs using Guid(1a0bc474736f9d246b9c93466d0747dc) Importer(815301076,1909f56bfc062723c751e8b465ee728b)  -> (artifact id: 'a83ab0543a565e0ec7fbda9592764449') in 0.026904 seconds 
  Import took 0.035008 seconds .

========================================================================
Received Import Request.
  Time since last request: 15.653314 seconds.
  path: Assets/Scripts/Ai/Ship/IsWithinRange.cs
  artifactKey: Guid(3fd9a7b3ec5243c439c73381d0b6edc2) Importer(815301076,1909f56bfc062723c751e8b465ee728b)
Start importing Assets/Scripts/Ai/Ship/IsWithinRange.cs using Guid(3fd9a7b3ec5243c439c73381d0b6edc2) Importer(815301076,1909f56bfc062723c751e8b465ee728b)  -> (artifact id: '29df2d7b2423f062feff9fae4da2820d') in 0.095509 seconds 
  Import took 0.111111 seconds .

========================================================================
Received Import Request.
  Time since last request: 608.463885 seconds.
  path: Assets/Scripts/Ai/Ship/IsWithinRange.cs
  artifactKey: Guid(3fd9a7b3ec5243c439c73381d0b6edc2) Importer(815301076,1909f56bfc062723c751e8b465ee728b)
Start importing Assets/Scripts/Ai/Ship/IsWithinRange.cs using Guid(3fd9a7b3ec5243c439c73381d0b6edc2) Importer(815301076,1909f56bfc062723c751e8b465ee728b)  -> (artifact id: '5e97d0ba357aac2c1928191a035fd03d') in 0.027744 seconds 
  Import took 0.120045 seconds .

========================================================================
Received Import Request.
  Time since last request: 3.539061 seconds.
  path: Assets/Scripts/Ai/Ship/TurnToTarget.cs
  artifactKey: Guid(1a0bc474736f9d246b9c93466d0747dc) Importer(815301076,1909f56bfc062723c751e8b465ee728b)
Start importing Assets/Scripts/Ai/Ship/TurnToTarget.cs using Guid(1a0bc474736f9d246b9c93466d0747dc) Importer(815301076,1909f56bfc062723c751e8b465ee728b)  -> (artifact id: 'bf489b686abed329bf87480690ec8ae9') in 0.044753 seconds 
  Import took 0.076171 seconds .

========================================================================
Received Import Request.
  Time since last request: 14.731357 seconds.
  path: Assets/Scripts/Ai/Ship/TurnToTarget.cs
  artifactKey: Guid(1a0bc474736f9d246b9c93466d0747dc) Importer(815301076,1909f56bfc062723c751e8b465ee728b)
Start importing Assets/Scripts/Ai/Ship/TurnToTarget.cs using Guid(1a0bc474736f9d246b9c93466d0747dc) Importer(815301076,1909f56bfc062723c751e8b465ee728b)  -> (artifact id: 'a2f7dd708f42df0238cd7d49f1731e7d') in 0.026291 seconds 
  Import took 0.035031 seconds .

========================================================================
Received Import Request.
  Time since last request: 2.104314 seconds.
  path: Assets/Scenes
  artifactKey: Guid(50cfbd1b277300948b061f98b3e03d73) Importer(815301076,1909f56bfc062723c751e8b465ee728b)
Start importing Assets/Scenes using Guid(50cfbd1b277300948b061f98b3e03d73) Importer(815301076,1909f56bfc062723c751e8b465ee728b)  -> (artifact id: '92a05e68e2fcb77772ffd51dfeadd1da') in 0.023903 seconds 
  Import took 0.028625 seconds .

========================================================================
Received Import Request.
  Time since last request: 7.803215 seconds.
  path: Assets/Scenes/AiTesting.unity
  artifactKey: Guid(bb7f7bad39ae72c408c219987784243c) Importer(815301076,1909f56bfc062723c751e8b465ee728b)
Start importing Assets/Scenes/AiTesting.unity using Guid(bb7f7bad39ae72c408c219987784243c) Importer(815301076,1909f56bfc062723c751e8b465ee728b)  -> (artifact id: '7decc59540024681c6f65059ab44a97c') in 0.064704 seconds 
  Import took 0.069950 seconds .

========================================================================
Received Import Request.
  Time since last request: 19.282822 seconds.
  path: Assets/Art/Models
  artifactKey: Guid(b761e21bcb2cb3e479588e265446683f) Importer(815301076,1909f56bfc062723c751e8b465ee728b)
Start importing Assets/Art/Models using Guid(b761e21bcb2cb3e479588e265446683f) Importer(815301076,1909f56bfc062723c751e8b465ee728b)  -> (artifact id: '971bafb3e5c624916a51ac2358eeea32') in 0.021622 seconds 
  Import took 0.030138 seconds .

========================================================================
Received Import Request.
  Time since last request: 0.759276 seconds.
  path: Assets/Art/Models/Spaceships
  artifactKey: Guid(cb5693871cb65c34daea722c3cd20837) Importer(815301076,1909f56bfc062723c751e8b465ee728b)
Start importing Assets/Art/Models/Spaceships using Guid(cb5693871cb65c34daea722c3cd20837) Importer(815301076,1909f56bfc062723c751e8b465ee728b)  -> (artifact id: '2f7e93ebf26ca2588c8e4706948b77df') in 0.024096 seconds 
  Import took 0.030018 seconds .

========================================================================
Received Import Request.
  Time since last request: 0.088803 seconds.
  path: Assets/Art/Models/Spaceships/uploads_files_830734_Spaceship_1.obj
  artifactKey: Guid(0a2d4b33e119d674aadf1c450882467e) Importer(815301076,1909f56bfc062723c751e8b465ee728b)
Start importing Assets/Art/Models/Spaceships/uploads_files_830734_Spaceship_1.obj using Guid(0a2d4b33e119d674aadf1c450882467e) Importer(815301076,1909f56bfc062723c751e8b465ee728b)  -> (artifact id: '4f1365f521ba360e85bbd15afcad4597') in 0.316344 seconds 
  Import took 0.323217 seconds .

========================================================================
Received Import Request.
  Time since last request: 0.000374 seconds.
  path: Assets/Art/Models/Spaceships/uploads_files_830734_Spaceship_3.obj
  artifactKey: Guid(3b97131c4b6a33d43b852e9944c9c5df) Importer(815301076,1909f56bfc062723c751e8b465ee728b)
Start importing Assets/Art/Models/Spaceships/uploads_files_830734_Spaceship_3.obj using Guid(3b97131c4b6a33d43b852e9944c9c5df) Importer(815301076,1909f56bfc062723c751e8b465ee728b)  -> (artifact id: '10e2b2dc40dc892b8c726adc761eec88') in 0.107825 seconds 
  Import took 0.113106 seconds .

========================================================================
Received Import Request.
  Time since last request: 0.000266 seconds.
  path: Assets/Art/Models/Spaceships/uploads_files_830734_Spaceships_6.fbx
  artifactKey: Guid(7f06c9709b381eb48b64928ca72fcb0f) Importer(815301076,1909f56bfc062723c751e8b465ee728b)
Start importing Assets/Art/Models/Spaceships/uploads_files_830734_Spaceships_6.fbx using Guid(7f06c9709b381eb48b64928ca72fcb0f) Importer(815301076,1909f56bfc062723c751e8b465ee728b)  -> (artifact id: '605259dec0e97b37fbe85271f770316f') in 0.186453 seconds 
  Import took 0.193208 seconds .

========================================================================
Received Import Request.
  Time since last request: 0.000321 seconds.
  path: Assets/Art/Models/Spaceships/uploads_files_830734_Spaceship_8.obj
  artifactKey: Guid(c92b1ede21d321b49b015505171dfa2f) Importer(815301076,1909f56bfc062723c751e8b465ee728b)
Start importing Assets/Art/Models/Spaceships/uploads_files_830734_Spaceship_8.obj using Guid(c92b1ede21d321b49b015505171dfa2f) Importer(815301076,1909f56bfc062723c751e8b465ee728b)  -> (artifact id: '58ec530fff77de14b673a74879509722') in 0.108480 seconds 
  Import took 0.113266 seconds .

========================================================================
Received Import Request.
  Time since last request: 0.000297 seconds.
  path: Assets/Art/Models/Spaceships/uploads_files_830734_Spaceship_4.obj
  artifactKey: Guid(70b44c970784f5d48a3ffb4f13989e5f) Importer(815301076,1909f56bfc062723c751e8b465ee728b)
Start importing Assets/Art/Models/Spaceships/uploads_files_830734_Spaceship_4.obj using Guid(70b44c970784f5d48a3ffb4f13989e5f) Importer(815301076,1909f56bfc062723c751e8b465ee728b)  -> (artifact id: '51283c570ce61a99a835d6b07b6428cf') in 0.096519 seconds 
  Import took 0.101588 seconds .

========================================================================
Received Import Request.
  Time since last request: 0.000291 seconds.
  path: Assets/Art/Models/Spaceships/uploads_files_830734_Spaceship_10.obj
  artifactKey: Guid(e4a3b896b0f14b34cbcf8cfb1012ff2e) Importer(815301076,1909f56bfc062723c751e8b465ee728b)
Start importing Assets/Art/Models/Spaceships/uploads_files_830734_Spaceship_10.obj using Guid(e4a3b896b0f14b34cbcf8cfb1012ff2e) Importer(815301076,1909f56bfc062723c751e8b465ee728b)  -> (artifact id: 'abf5adef22a63fd79ae837c17d08abed') in 0.109948 seconds 
  Import took 0.117132 seconds .

========================================================================
Received Import Request.
  Time since last request: 0.000816 seconds.
  path: Assets/Art/Models/Spaceships/uploads_files_830734_Spaceship_9.obj
  artifactKey: Guid(4655f4fc753c19541834a733286cb2ee) Importer(815301076,1909f56bfc062723c751e8b465ee728b)
Start importing Assets/Art/Models/Spaceships/uploads_files_830734_Spaceship_9.obj using Guid(4655f4fc753c19541834a733286cb2ee) Importer(815301076,1909f56bfc062723c751e8b465ee728b)  -> (artifact id: '660f337c529dcca511f4ccb891b5bb8b') in 0.105360 seconds 
  Import took 0.111612 seconds .

========================================================================
Received Import Request.
  Time since last request: 0.000320 seconds.
  path: Assets/Art/Models/Spaceships/uploads_files_830734_Spaceships_1.fbx
  artifactKey: Guid(9101303604d172349a0ffbe3dd4d8ced) Importer(815301076,1909f56bfc062723c751e8b465ee728b)
Start importing Assets/Art/Models/Spaceships/uploads_files_830734_Spaceships_1.fbx using Guid(9101303604d172349a0ffbe3dd4d8ced) Importer(815301076,1909f56bfc062723c751e8b465ee728b)  -> (artifact id: '7096cdb82b04b328082a7d3f55f871d6') in 0.127897 seconds 
  Import took 0.135256 seconds .

========================================================================
Received Import Request.
  Time since last request: 0.000340 seconds.
  path: Assets/Art/Models/Spaceships/uploads_files_830734_Spaceships_3.fbx
  artifactKey: Guid(db4bd812711ee7e4fa23f1d4e6b58000) Importer(815301076,1909f56bfc062723c751e8b465ee728b)
Start importing Assets/Art/Models/Spaceships/uploads_files_830734_Spaceships_3.fbx using Guid(db4bd812711ee7e4fa23f1d4e6b58000) Importer(815301076,1909f56bfc062723c751e8b465ee728b)  -> (artifact id: '83e96f1cd6e56ea0b9c4c32805c4f30e') in 0.084463 seconds 
  Import took 0.090469 seconds .

========================================================================
Received Import Request.
  Time since last request: 0.000085 seconds.
  path: Assets/Art/Models/Spaceships/uploads_files_830734_Spaceship_2.obj
  artifactKey: Guid(140471472246c8c4c88e4c7e3d1c1333) Importer(815301076,1909f56bfc062723c751e8b465ee728b)
Start importing Assets/Art/Models/Spaceships/uploads_files_830734_Spaceship_2.obj using Guid(140471472246c8c4c88e4c7e3d1c1333) Importer(815301076,1909f56bfc062723c751e8b465ee728b)  -> (artifact id: 'c51474a4e41ca21178d18a5db702a4d9') in 0.098363 seconds 
  Import took 0.103739 seconds .

========================================================================
Received Import Request.
  Time since last request: 0.000354 seconds.
  path: Assets/Art/Models/Spaceships/uploads_files_830734_Spaceships_2.fbx
  artifactKey: Guid(eabb9c787b8c968458152c7564432fdb) Importer(815301076,1909f56bfc062723c751e8b465ee728b)
Start importing Assets/Art/Models/Spaceships/uploads_files_830734_Spaceships_2.fbx using Guid(eabb9c787b8c968458152c7564432fdb) Importer(815301076,1909f56bfc062723c751e8b465ee728b)  -> (artifact id: 'fb6d043a340814eb83f72ef777d0d2dc') in 0.100011 seconds 
  Import took 0.106365 seconds .

========================================================================
Received Import Request.
  Time since last request: 0.000440 seconds.
  path: Assets/Art/Models/Spaceships/uploads_files_830734_Spaceship_5.obj
  artifactKey: Guid(86006f26df177704587b22c817d87e92) Importer(815301076,1909f56bfc062723c751e8b465ee728b)
Start importing Assets/Art/Models/Spaceships/uploads_files_830734_Spaceship_5.obj using Guid(86006f26df177704587b22c817d87e92) Importer(815301076,1909f56bfc062723c751e8b465ee728b)  -> (artifact id: 'e1360b93c62b4eadcfb159104e78380b') in 0.102001 seconds 
  Import took 0.110116 seconds .

========================================================================
Received Import Request.
  Time since last request: 0.000247 seconds.
  path: Assets/Art/Models/Spaceships/uploads_files_830734_Spaceships_4.fbx
  artifactKey: Guid(0fdab4e7eb582ef4aa70098809ff6f22) Importer(815301076,1909f56bfc062723c751e8b465ee728b)
Start importing Assets/Art/Models/Spaceships/uploads_files_830734_Spaceships_4.fbx using Guid(0fdab4e7eb582ef4aa70098809ff6f22) Importer(815301076,1909f56bfc062723c751e8b465ee728b)  -> (artifact id: '695bbeee83fd1a4c59f1583c7b1d3379') in 0.082122 seconds 
  Import took 0.089329 seconds .

========================================================================
Received Import Request.
  Time since last request: 0.000786 seconds.
  path: Assets/Art/Models/Spaceships/uploads_files_830734_Spaceship_7.obj
  artifactKey: Guid(44d419d822bb46949a97bd12344fd84e) Importer(815301076,1909f56bfc062723c751e8b465ee728b)
Start importing Assets/Art/Models/Spaceships/uploads_files_830734_Spaceship_7.obj using Guid(44d419d822bb46949a97bd12344fd84e) Importer(815301076,1909f56bfc062723c751e8b465ee728b)  -> (artifact id: 'b1c9c598d7a44a9036e444ead5a0b7fa') in 0.087654 seconds 
  Import took 0.096567 seconds .

========================================================================
Received Import Request.
  Time since last request: 0.000305 seconds.
  path: Assets/Art/Models/Spaceships/uploads_files_830734_Spaceships_8.fbx
  artifactKey: Guid(0a989f2b840321644bcce85b0cda66a5) Importer(815301076,1909f56bfc062723c751e8b465ee728b)
Start importing Assets/Art/Models/Spaceships/uploads_files_830734_Spaceships_8.fbx using Guid(0a989f2b840321644bcce85b0cda66a5) Importer(815301076,1909f56bfc062723c751e8b465ee728b)  -> (artifact id: 'fc46ba4426799ed165f514a65fcd3e52') in 0.090695 seconds 
  Import took 0.096403 seconds .

========================================================================
Received Import Request.
  Time since last request: 0.000275 seconds.
  path: Assets/Art/Models/Spaceships/uploads_files_830734_Spaceships_10.fbx
  artifactKey: Guid(8e74a22a97d64a845ad33716ba809a29) Importer(815301076,1909f56bfc062723c751e8b465ee728b)
Start importing Assets/Art/Models/Spaceships/uploads_files_830734_Spaceships_10.fbx using Guid(8e74a22a97d64a845ad33716ba809a29) Importer(815301076,1909f56bfc062723c751e8b465ee728b)  -> (artifact id: '2eed9baf07ec14961d948bbddf3f9586') in 0.087419 seconds 
  Import took 0.092087 seconds .

========================================================================
Received Import Request.
  Time since last request: 0.000324 seconds.
  path: Assets/Art/Models/Spaceships/uploads_files_830734_Spaceships_9.fbx
  artifactKey: Guid(0a74bec61cf258e4c8c3a072a2bce88b) Importer(815301076,1909f56bfc062723c751e8b465ee728b)
Start importing Assets/Art/Models/Spaceships/uploads_files_830734_Spaceships_9.fbx using Guid(0a74bec61cf258e4c8c3a072a2bce88b) Importer(815301076,1909f56bfc062723c751e8b465ee728b)  -> (artifact id: 'ef802975806d39fa58e8697e6d9793ce') in 0.097952 seconds 
  Import took 0.103910 seconds .

========================================================================
Received Import Request.
  Time since last request: 0.000114 seconds.
  path: Assets/Art/Models/Spaceships/uploads_files_830734_Spaceships_7.fbx
  artifactKey: Guid(e97b2fce9b4bd9e48b083fff3f5749d1) Importer(815301076,1909f56bfc062723c751e8b465ee728b)
Start importing Assets/Art/Models/Spaceships/uploads_files_830734_Spaceships_7.fbx using Guid(e97b2fce9b4bd9e48b083fff3f5749d1) Importer(815301076,1909f56bfc062723c751e8b465ee728b)  -> (artifact id: 'dfcfe87c028b608f59a88445115bbab1') in 0.104811 seconds 
  Import took 0.113856 seconds .

========================================================================
Received Import Request.
  Time since last request: 0.000353 seconds.
  path: Assets/Art/Models/Spaceships/uploads_files_830734_Spaceship_6.obj
  artifactKey: Guid(c2333264b6b04ff4d8a0ed78e030f3fc) Importer(815301076,1909f56bfc062723c751e8b465ee728b)
Start importing Assets/Art/Models/Spaceships/uploads_files_830734_Spaceship_6.obj using Guid(c2333264b6b04ff4d8a0ed78e030f3fc) Importer(815301076,1909f56bfc062723c751e8b465ee728b)  -> (artifact id: 'e2e8900be0554fb26e55b774c7278e38') in 0.114679 seconds 
  Import took 0.120704 seconds .

========================================================================
Received Import Request.
  Time since last request: 0.000442 seconds.
  path: Assets/Art/Models/Spaceships/uploads_files_830734_Spaceships_5.fbx
  artifactKey: Guid(6167e8a3626d08d4d8f4fc1c230ede5a) Importer(815301076,1909f56bfc062723c751e8b465ee728b)
Start importing Assets/Art/Models/Spaceships/uploads_files_830734_Spaceships_5.fbx using Guid(6167e8a3626d08d4d8f4fc1c230ede5a) Importer(815301076,1909f56bfc062723c751e8b465ee728b)  -> (artifact id: '0f092c62d0214421113823891a88c43e') in 0.085220 seconds 
  Import took 0.094865 seconds .

========================================================================
Received Import Request.
  Time since last request: 70.578090 seconds.
  path: Assets/Scenes/SampleScene.unity
  artifactKey: Guid(9fc0d4010bbf28b4594072e72b8655ab) Importer(815301076,1909f56bfc062723c751e8b465ee728b)
Start importing Assets/Scenes/SampleScene.unity using Guid(9fc0d4010bbf28b4594072e72b8655ab) Importer(815301076,1909f56bfc062723c751e8b465ee728b)  -> (artifact id: '7e87907f11ff304604d1433a3d7276d1') in 0.036425 seconds 
  Import took 0.046812 seconds .

========================================================================
Received Import Request.
  Time since last request: 18.859702 seconds.
  path: Assets/Scenes/AiTesting.unity
  artifactKey: Guid(bb7f7bad39ae72c408c219987784243c) Importer(815301076,1909f56bfc062723c751e8b465ee728b)
Start importing Assets/Scenes/AiTesting.unity using Guid(bb7f7bad39ae72c408c219987784243c) Importer(815301076,1909f56bfc062723c751e8b465ee728b)  -> (artifact id: '0bc2a9396f1c7b966f117cc3bf9c82f4') in 0.039933 seconds 
  Import took 0.045721 seconds .

========================================================================
Received Import Request.
  Time since last request: 6.568767 seconds.
  path: Assets/Materials/Mat_BlueLaser.mat
  artifactKey: Guid(f9b4ab25aaf87084eb16cb084830c2d6) Importer(815301076,1909f56bfc062723c751e8b465ee728b)
Start importing Assets/Materials/Mat_BlueLaser.mat using Guid(f9b4ab25aaf87084eb16cb084830c2d6) Importer(815301076,1909f56bfc062723c751e8b465ee728b)  -> (artifact id: '0a95655409a90de3a74929c2f1662c6e') in 0.053728 seconds 
  Import took 0.061015 seconds .

========================================================================
Received Import Request.
  Time since last request: 0.000309 seconds.
  path: Assets/Materials/Mat_Grass.mat
  artifactKey: Guid(fd639d520e1d82044a7a7ac6e3fcc580) Importer(815301076,1909f56bfc062723c751e8b465ee728b)
Start importing Assets/Materials/Mat_Grass.mat using Guid(fd639d520e1d82044a7a7ac6e3fcc580) Importer(815301076,1909f56bfc062723c751e8b465ee728b)  -> (artifact id: 'fdfd381687b9958daf7a6b56572e06ea') in 0.073440 seconds 
  Import took 0.079002 seconds .

========================================================================
Received Import Request.
  Time since last request: 0.000298 seconds.
  path: Assets/Materials/Mat_Building.mat
  artifactKey: Guid(9a5c35f14f42d0e45910888f2b2e1604) Importer(815301076,1909f56bfc062723c751e8b465ee728b)
Start importing Assets/Materials/Mat_Building.mat using Guid(9a5c35f14f42d0e45910888f2b2e1604) Importer(815301076,1909f56bfc062723c751e8b465ee728b)  -> (artifact id: 'b00ae53b61569f8a17dc4388e65d74d6') in 0.075903 seconds 
  Import took 0.081257 seconds .

========================================================================
Received Import Request.
  Time since last request: 0.000305 seconds.
  path: Assets/Materials/Mat_RedLaser.mat
  artifactKey: Guid(5b8f6c84a7494ec4fb88c3f2c6827925) Importer(815301076,1909f56bfc062723c751e8b465ee728b)
Start importing Assets/Materials/Mat_RedLaser.mat using Guid(5b8f6c84a7494ec4fb88c3f2c6827925) Importer(815301076,1909f56bfc062723c751e8b465ee728b)  -> (artifact id: 'd1a88c54577674142c96ee191c79a099') in 0.060682 seconds 
  Import took 0.066928 seconds .

========================================================================
Received Import Request.
  Time since last request: 0.000187 seconds.
  path: Assets/Materials/Mat_GreenLaser.mat
  artifactKey: Guid(19a971aceeb99754195221e2f682f3cc) Importer(815301076,1909f56bfc062723c751e8b465ee728b)
Start importing Assets/Materials/Mat_GreenLaser.mat using Guid(19a971aceeb99754195221e2f682f3cc) Importer(815301076,1909f56bfc062723c751e8b465ee728b)  -> (artifact id: 'b40d5aff0ed31abc3664fc92e3cabc68') in 0.078938 seconds 
  Import took 0.086280 seconds .

========================================================================
Received Import Request.
  Time since last request: 123.542494 seconds.
  path: Assets/Scenes/AiTesting.unity
  artifactKey: Guid(bb7f7bad39ae72c408c219987784243c) Importer(815301076,1909f56bfc062723c751e8b465ee728b)
Start importing Assets/Scenes/AiTesting.unity using Guid(bb7f7bad39ae72c408c219987784243c) Importer(815301076,1909f56bfc062723c751e8b465ee728b)  -> (artifact id: 'bc37d7e6317218ca7e3782b4602e6ffb') in 0.034679 seconds 
  Import took 0.052404 seconds .

========================================================================
Received Import Request.
  Time since last request: 59.636252 seconds.
  path: Assets/Prefabs/Hero's Ship.prefab
  artifactKey: Guid(65a147c1a8ec6144f842321f0e721cfa) Importer(815301076,1909f56bfc062723c751e8b465ee728b)
Start importing Assets/Prefabs/Hero's Ship.prefab using Guid(65a147c1a8ec6144f842321f0e721cfa) Importer(815301076,1909f56bfc062723c751e8b465ee728b)  -> (artifact id: '29a4f030b864e654e5e5c2e046ac4400') in 0.217002 seconds 
  Import took 0.226804 seconds .

========================================================================
Received Import Request.
  Time since last request: 0.003597 seconds.
  path: Assets/Prefabs/Hero's Ship.prefab
  artifactKey: Guid(65a147c1a8ec6144f842321f0e721cfa) Importer(815301076,1909f56bfc062723c751e8b465ee728b)
Start importing Assets/Prefabs/Hero's Ship.prefab using Guid(65a147c1a8ec6144f842321f0e721cfa) Importer(815301076,1909f56bfc062723c751e8b465ee728b)  -> (artifact id: '29a4f030b864e654e5e5c2e046ac4400') in 0.059691 seconds 
  Import took 0.083655 seconds .

========================================================================
Received Prepare
Registering precompiled user dll's ...
Registered in 0.013590 seconds.
Begin MonoManager ReloadAssembly
Native extension for WindowsStandalone target not found
Native extension for WebGL target not found
Refreshing native plugins compatible for Editor in 0.60 ms, found 2 plugins.
Preloading 0 native plugins for Editor in 0.00 ms.
Mono: successfully reloaded assembly
- Completed reload, in  2.319 seconds
Platform modules already initialized, skipping
Refreshing native plugins compatible for Editor in 0.93 ms, found 2 plugins.
Preloading 0 native plugins for Editor in 0.00 ms.
Unloading 1412 Unused Serialized files (Serialized files now loaded: 0)
System memory in use before: 69.2 MB.
System memory in use after: 69.3 MB.

Unloading 14 unused Assets to reduce memory usage. Loaded Objects now: 1931.
Total: 7.987400 ms (FindLiveObjects: 2.651700 ms CreateObjectMapping: 0.518100 ms MarkObjects: 4.753200 ms  DeleteObjects: 0.061300 ms)

AssetImportParameters requested are different than current active one (requested -> active):
  custom:framework-win-MediaFoundation: 216162199b28c13a410421893ffa2e32 -> 
  custom:video-decoder-ogg-theora: a1e56fd34408186e4bbccfd4996cb3dc -> 
  custom:container-muxer-webm: aa71ff27fc2769a1b78a27578f13a17b -> 
  custom:container-demuxer-webm: 4f35f7cbe854078d1ac9338744f61a02 -> 
  custom:container-demuxer-ogg: 62fdf1f143b41e24485cea50d1cbac27 -> 
  custom:video-encoder-webm-vp8: eb34c28f22e8b96e1ab97ce403110664 -> 
  custom:video-decoder-webm-vp8: 9c59270c3fd7afecdb556c50c9e8de78 -> 
  custom:audio-decoder-ogg-vorbis: bf7c407c2cedff20999df2af8eb42d56 -> 
  custom:audio-encoder-webm-vorbis: bf7c407c2cedff20999df2af8eb42d56 -> 
========================================================================
Received Prepare
Registering precompiled user dll's ...
Registered in 0.105683 seconds.
Begin MonoManager ReloadAssembly
Native extension for WindowsStandalone target not found
Native extension for WebGL target not found
Refreshing native plugins compatible for Editor in 0.49 ms, found 2 plugins.
Preloading 0 native plugins for Editor in 0.00 ms.
Mono: successfully reloaded assembly
- Completed reload, in  1.817 seconds
Platform modules already initialized, skipping
Refreshing native plugins compatible for Editor in 3.91 ms, found 2 plugins.
Preloading 0 native plugins for Editor in 0.00 ms.
Unloading 1412 Unused Serialized files (Serialized files now loaded: 0)
System memory in use before: 69.2 MB.
System memory in use after: 69.3 MB.

Unloading 13 unused Assets to reduce memory usage. Loaded Objects now: 1934.
Total: 5.578500 ms (FindLiveObjects: 0.624500 ms CreateObjectMapping: 0.468800 ms MarkObjects: 4.439700 ms  DeleteObjects: 0.043000 ms)

AssetImportParameters requested are different than current active one (requested -> active):
  custom:framework-win-MediaFoundation: 216162199b28c13a410421893ffa2e32 -> 
  custom:video-decoder-ogg-theora: a1e56fd34408186e4bbccfd4996cb3dc -> 
  custom:container-muxer-webm: aa71ff27fc2769a1b78a27578f13a17b -> 
  custom:container-demuxer-webm: 4f35f7cbe854078d1ac9338744f61a02 -> 
  custom:container-demuxer-ogg: 62fdf1f143b41e24485cea50d1cbac27 -> 
  custom:video-encoder-webm-vp8: eb34c28f22e8b96e1ab97ce403110664 -> 
  custom:video-decoder-webm-vp8: 9c59270c3fd7afecdb556c50c9e8de78 -> 
  custom:audio-decoder-ogg-vorbis: bf7c407c2cedff20999df2af8eb42d56 -> 
  custom:audio-encoder-webm-vorbis: bf7c407c2cedff20999df2af8eb42d56 -> 
========================================================================
Received Prepare
Registering precompiled user dll's ...
Registered in 0.014007 seconds.
Begin MonoManager ReloadAssembly
Native extension for WindowsStandalone target not found
Native extension for WebGL target not found
Refreshing native plugins compatible for Editor in 0.49 ms, found 2 plugins.
Preloading 0 native plugins for Editor in 0.00 ms.
Mono: successfully reloaded assembly
- Completed reload, in  2.690 seconds
Platform modules already initialized, skipping
Refreshing native plugins compatible for Editor in 0.98 ms, found 2 plugins.
Preloading 0 native plugins for Editor in 0.00 ms.
Unloading 1412 Unused Serialized files (Serialized files now loaded: 0)
System memory in use before: 69.2 MB.
System memory in use after: 69.3 MB.

Unloading 13 unused Assets to reduce memory usage. Loaded Objects now: 1937.
Total: 4.272100 ms (FindLiveObjects: 0.320000 ms CreateObjectMapping: 0.099900 ms MarkObjects: 3.817500 ms  DeleteObjects: 0.032200 ms)

AssetImportParameters requested are different than current active one (requested -> active):
  custom:framework-win-MediaFoundation: 216162199b28c13a410421893ffa2e32 -> 
  custom:video-decoder-ogg-theora: a1e56fd34408186e4bbccfd4996cb3dc -> 
  custom:container-muxer-webm: aa71ff27fc2769a1b78a27578f13a17b -> 
  custom:container-demuxer-webm: 4f35f7cbe854078d1ac9338744f61a02 -> 
  custom:container-demuxer-ogg: 62fdf1f143b41e24485cea50d1cbac27 -> 
  custom:video-encoder-webm-vp8: eb34c28f22e8b96e1ab97ce403110664 -> 
  custom:video-decoder-webm-vp8: 9c59270c3fd7afecdb556c50c9e8de78 -> 
  custom:audio-decoder-ogg-vorbis: bf7c407c2cedff20999df2af8eb42d56 -> 
  custom:audio-encoder-webm-vorbis: bf7c407c2cedff20999df2af8eb42d56 -> 
========================================================================
Received Prepare
Registering precompiled user dll's ...
Registered in 0.019507 seconds.
Begin MonoManager ReloadAssembly
Native extension for WindowsStandalone target not found
Native extension for WebGL target not found
Refreshing native plugins compatible for Editor in 1.29 ms, found 2 plugins.
Preloading 0 native plugins for Editor in 0.00 ms.
Mono: successfully reloaded assembly
- Completed reload, in  4.708 seconds
Platform modules already initialized, skipping
Refreshing native plugins compatible for Editor in 2.52 ms, found 2 plugins.
Preloading 0 native plugins for Editor in 0.00 ms.
Unloading 1412 Unused Serialized files (Serialized files now loaded: 0)
System memory in use before: 69.2 MB.
System memory in use after: 69.3 MB.

Unloading 13 unused Assets to reduce memory usage. Loaded Objects now: 1940.
Total: 4.941500 ms (FindLiveObjects: 0.467100 ms CreateObjectMapping: 0.298300 ms MarkObjects: 4.137100 ms  DeleteObjects: 0.035200 ms)

AssetImportParameters requested are different than current active one (requested -> active):
  custom:framework-win-MediaFoundation: 216162199b28c13a410421893ffa2e32 -> 
  custom:video-decoder-ogg-theora: a1e56fd34408186e4bbccfd4996cb3dc -> 
  custom:container-muxer-webm: aa71ff27fc2769a1b78a27578f13a17b -> 
  custom:container-demuxer-webm: 4f35f7cbe854078d1ac9338744f61a02 -> 
  custom:container-demuxer-ogg: 62fdf1f143b41e24485cea50d1cbac27 -> 
  custom:video-encoder-webm-vp8: eb34c28f22e8b96e1ab97ce403110664 -> 
  custom:video-decoder-webm-vp8: 9c59270c3fd7afecdb556c50c9e8de78 -> 
  custom:audio-decoder-ogg-vorbis: bf7c407c2cedff20999df2af8eb42d56 -> 
  custom:audio-encoder-webm-vorbis: bf7c407c2cedff20999df2af8eb42d56 -> 
========================================================================
Received Prepare
Registering precompiled user dll's ...
Registered in 0.027146 seconds.
Begin MonoManager ReloadAssembly
Native extension for WindowsStandalone target not found
Native extension for WebGL target not found
Refreshing native plugins compatible for Editor in 0.52 ms, found 2 plugins.
Preloading 0 native plugins for Editor in 0.00 ms.
Mono: successfully reloaded assembly
- Completed reload, in  3.001 seconds
Platform modules already initialized, skipping
Refreshing native plugins compatible for Editor in 42.33 ms, found 2 plugins.
Preloading 0 native plugins for Editor in 0.00 ms.
Unloading 1412 Unused Serialized files (Serialized files now loaded: 0)
System memory in use before: 69.2 MB.
System memory in use after: 69.3 MB.

Unloading 13 unused Assets to reduce memory usage. Loaded Objects now: 1943.
Total: 8.236000 ms (FindLiveObjects: 0.462600 ms CreateObjectMapping: 0.253600 ms MarkObjects: 7.470600 ms  DeleteObjects: 0.046100 ms)

AssetImportParameters requested are different than current active one (requested -> active):
  custom:framework-win-MediaFoundation: 216162199b28c13a410421893ffa2e32 -> 
  custom:video-decoder-ogg-theora: a1e56fd34408186e4bbccfd4996cb3dc -> 
  custom:container-muxer-webm: aa71ff27fc2769a1b78a27578f13a17b -> 
  custom:container-demuxer-webm: 4f35f7cbe854078d1ac9338744f61a02 -> 
  custom:container-demuxer-ogg: 62fdf1f143b41e24485cea50d1cbac27 -> 
  custom:video-encoder-webm-vp8: eb34c28f22e8b96e1ab97ce403110664 -> 
  custom:video-decoder-webm-vp8: 9c59270c3fd7afecdb556c50c9e8de78 -> 
  custom:audio-decoder-ogg-vorbis: bf7c407c2cedff20999df2af8eb42d56 -> 
  custom:audio-encoder-webm-vorbis: bf7c407c2cedff20999df2af8eb42d56 -> 
========================================================================
Received Prepare
Registering precompiled user dll's ...
Registered in 0.018659 seconds.
Begin MonoManager ReloadAssembly
Native extension for WindowsStandalone target not found
Native extension for WebGL target not found
Refreshing native plugins compatible for Editor in 0.86 ms, found 2 plugins.
Preloading 0 native plugins for Editor in 0.00 ms.
Mono: successfully reloaded assembly
- Completed reload, in  3.792 seconds
Platform modules already initialized, skipping
Refreshing native plugins compatible for Editor in 1.14 ms, found 2 plugins.
Preloading 0 native plugins for Editor in 0.00 ms.
Unloading 1412 Unused Serialized files (Serialized files now loaded: 0)
System memory in use before: 69.2 MB.
System memory in use after: 69.3 MB.

Unloading 13 unused Assets to reduce memory usage. Loaded Objects now: 1946.
Total: 12.523700 ms (FindLiveObjects: 1.592300 ms CreateObjectMapping: 0.280500 ms MarkObjects: 10.602900 ms  DeleteObjects: 0.044100 ms)

AssetImportParameters requested are different than current active one (requested -> active):
  custom:framework-win-MediaFoundation: 216162199b28c13a410421893ffa2e32 -> 
  custom:video-decoder-ogg-theora: a1e56fd34408186e4bbccfd4996cb3dc -> 
  custom:container-muxer-webm: aa71ff27fc2769a1b78a27578f13a17b -> 
  custom:container-demuxer-webm: 4f35f7cbe854078d1ac9338744f61a02 -> 
  custom:container-demuxer-ogg: 62fdf1f143b41e24485cea50d1cbac27 -> 
  custom:video-encoder-webm-vp8: eb34c28f22e8b96e1ab97ce403110664 -> 
  custom:video-decoder-webm-vp8: 9c59270c3fd7afecdb556c50c9e8de78 -> 
  custom:audio-decoder-ogg-vorbis: bf7c407c2cedff20999df2af8eb42d56 -> 
  custom:audio-encoder-webm-vorbis: bf7c407c2cedff20999df2af8eb42d56 -> 
========================================================================
Received Prepare
Registering precompiled user dll's ...
Registered in 0.012501 seconds.
Begin MonoManager ReloadAssembly
Native extension for WindowsStandalone target not found
Native extension for WebGL target not found
Refreshing native plugins compatible for Editor in 1.00 ms, found 2 plugins.
Preloading 0 native plugins for Editor in 0.00 ms.
Mono: successfully reloaded assembly
- Completed reload, in  5.857 seconds
Platform modules already initialized, skipping
Refreshing native plugins compatible for Editor in 0.90 ms, found 2 plugins.
Preloading 0 native plugins for Editor in 0.00 ms.
Unloading 1412 Unused Serialized files (Serialized files now loaded: 0)
System memory in use before: 69.2 MB.
System memory in use after: 69.3 MB.

Unloading 13 unused Assets to reduce memory usage. Loaded Objects now: 1949.
Total: 7.344600 ms (FindLiveObjects: 0.360600 ms CreateObjectMapping: 0.128300 ms MarkObjects: 6.794000 ms  DeleteObjects: 0.058500 ms)

AssetImportParameters requested are different than current active one (requested -> active):
  custom:framework-win-MediaFoundation: 216162199b28c13a410421893ffa2e32 -> 
  custom:video-decoder-ogg-theora: a1e56fd34408186e4bbccfd4996cb3dc -> 
  custom:container-muxer-webm: aa71ff27fc2769a1b78a27578f13a17b -> 
  custom:container-demuxer-webm: 4f35f7cbe854078d1ac9338744f61a02 -> 
  custom:container-demuxer-ogg: 62fdf1f143b41e24485cea50d1cbac27 -> 
  custom:video-encoder-webm-vp8: eb34c28f22e8b96e1ab97ce403110664 -> 
  custom:video-decoder-webm-vp8: 9c59270c3fd7afecdb556c50c9e8de78 -> 
  custom:audio-decoder-ogg-vorbis: bf7c407c2cedff20999df2af8eb42d56 -> 
  custom:audio-encoder-webm-vorbis: bf7c407c2cedff20999df2af8eb42d56 -> 
========================================================================
Received Prepare
Registering precompiled user dll's ...
Registered in 0.016853 seconds.
Begin MonoManager ReloadAssembly
Native extension for WindowsStandalone target not found
Native extension for WebGL target not found
Refreshing native plugins compatible for Editor in 0.86 ms, found 2 plugins.
Preloading 0 native plugins for Editor in 0.00 ms.
Mono: successfully reloaded assembly
- Completed reload, in  4.207 seconds
Platform modules already initialized, skipping
Refreshing native plugins compatible for Editor in 5.65 ms, found 2 plugins.
Preloading 0 native plugins for Editor in 0.00 ms.
Unloading 1412 Unused Serialized files (Serialized files now loaded: 0)
System memory in use before: 69.2 MB.
System memory in use after: 69.3 MB.

Unloading 13 unused Assets to reduce memory usage. Loaded Objects now: 1952.
Total: 7.325500 ms (FindLiveObjects: 0.441000 ms CreateObjectMapping: 0.198700 ms MarkObjects: 6.640600 ms  DeleteObjects: 0.042500 ms)

AssetImportParameters requested are different than current active one (requested -> active):
  custom:framework-win-MediaFoundation: 216162199b28c13a410421893ffa2e32 -> 
  custom:video-decoder-ogg-theora: a1e56fd34408186e4bbccfd4996cb3dc -> 
  custom:container-muxer-webm: aa71ff27fc2769a1b78a27578f13a17b -> 
  custom:container-demuxer-webm: 4f35f7cbe854078d1ac9338744f61a02 -> 
  custom:container-demuxer-ogg: 62fdf1f143b41e24485cea50d1cbac27 -> 
  custom:video-encoder-webm-vp8: eb34c28f22e8b96e1ab97ce403110664 -> 
  custom:video-decoder-webm-vp8: 9c59270c3fd7afecdb556c50c9e8de78 -> 
  custom:audio-decoder-ogg-vorbis: bf7c407c2cedff20999df2af8eb42d56 -> 
  custom:audio-encoder-webm-vorbis: bf7c407c2cedff20999df2af8eb42d56 -> 
========================================================================
Received Prepare
Registering precompiled user dll's ...
Registered in 0.017274 seconds.
Begin MonoManager ReloadAssembly
Native extension for WindowsStandalone target not found
Native extension for WebGL target not found
Refreshing native plugins compatible for Editor in 0.53 ms, found 2 plugins.
Preloading 0 native plugins for Editor in 0.00 ms.
Mono: successfully reloaded assembly
- Completed reload, in  3.165 seconds
Platform modules already initialized, skipping
Refreshing native plugins compatible for Editor in 0.91 ms, found 2 plugins.
Preloading 0 native plugins for Editor in 0.00 ms.
Unloading 1412 Unused Serialized files (Serialized files now loaded: 0)
System memory in use before: 69.2 MB.
System memory in use after: 69.3 MB.

Unloading 13 unused Assets to reduce memory usage. Loaded Objects now: 1955.
Total: 9.059300 ms (FindLiveObjects: 0.547800 ms CreateObjectMapping: 0.480800 ms MarkObjects: 7.990900 ms  DeleteObjects: 0.035600 ms)

AssetImportParameters requested are different than current active one (requested -> active):
  custom:framework-win-MediaFoundation: 216162199b28c13a410421893ffa2e32 -> 
  custom:video-decoder-ogg-theora: a1e56fd34408186e4bbccfd4996cb3dc -> 
  custom:container-muxer-webm: aa71ff27fc2769a1b78a27578f13a17b -> 
  custom:container-demuxer-webm: 4f35f7cbe854078d1ac9338744f61a02 -> 
  custom:container-demuxer-ogg: 62fdf1f143b41e24485cea50d1cbac27 -> 
  custom:video-encoder-webm-vp8: eb34c28f22e8b96e1ab97ce403110664 -> 
  custom:video-decoder-webm-vp8: 9c59270c3fd7afecdb556c50c9e8de78 -> 
  custom:audio-decoder-ogg-vorbis: bf7c407c2cedff20999df2af8eb42d56 -> 
  custom:audio-encoder-webm-vorbis: bf7c407c2cedff20999df2af8eb42d56 -> 
========================================================================
Received Import Request.
  Time since last request: 1557.701211 seconds.
  path: Assets/Scripts/Ai/Ship/HasTarget.cs
  artifactKey: Guid(b6cd43f021614eb46967ef56383bce4f) Importer(815301076,1909f56bfc062723c751e8b465ee728b)
Start importing Assets/Scripts/Ai/Ship/HasTarget.cs using Guid(b6cd43f021614eb46967ef56383bce4f) Importer(815301076,1909f56bfc062723c751e8b465ee728b)  -> (artifact id: '1870231093e18470a0f6313d811ce9a2') in 0.219144 seconds 
  Import took 0.238362 seconds .

========================================================================
Received Prepare
Registering precompiled user dll's ...
Registered in 0.130555 seconds.
Begin MonoManager ReloadAssembly
Native extension for WindowsStandalone target not found
Native extension for WebGL target not found
Refreshing native plugins compatible for Editor in 0.69 ms, found 2 plugins.
Preloading 0 native plugins for Editor in 0.00 ms.
Mono: successfully reloaded assembly
- Completed reload, in  3.584 seconds
Platform modules already initialized, skipping
Refreshing native plugins compatible for Editor in 0.84 ms, found 2 plugins.
Preloading 0 native plugins for Editor in 0.00 ms.
Unloading 1413 Unused Serialized files (Serialized files now loaded: 0)
System memory in use before: 69.2 MB.
System memory in use after: 69.3 MB.

Unloading 13 unused Assets to reduce memory usage. Loaded Objects now: 1959.
Total: 6.516100 ms (FindLiveObjects: 0.465600 ms CreateObjectMapping: 0.244000 ms MarkObjects: 5.745400 ms  DeleteObjects: 0.057100 ms)

AssetImportParameters requested are different than current active one (requested -> active):
  custom:framework-win-MediaFoundation: 216162199b28c13a410421893ffa2e32 -> 
  custom:video-decoder-ogg-theora: a1e56fd34408186e4bbccfd4996cb3dc -> 
  custom:container-muxer-webm: aa71ff27fc2769a1b78a27578f13a17b -> 
  custom:container-demuxer-webm: 4f35f7cbe854078d1ac9338744f61a02 -> 
  custom:container-demuxer-ogg: 62fdf1f143b41e24485cea50d1cbac27 -> 
  custom:video-encoder-webm-vp8: eb34c28f22e8b96e1ab97ce403110664 -> 
  custom:video-decoder-webm-vp8: 9c59270c3fd7afecdb556c50c9e8de78 -> 
  custom:audio-decoder-ogg-vorbis: bf7c407c2cedff20999df2af8eb42d56 -> 
  custom:audio-encoder-webm-vorbis: bf7c407c2cedff20999df2af8eb42d56 -> 
========================================================================
Received Prepare
Registering precompiled user dll's ...
Registered in 0.014122 seconds.
Begin MonoManager ReloadAssembly
Native extension for WindowsStandalone target not found
Native extension for WebGL target not found
Refreshing native plugins compatible for Editor in 0.56 ms, found 2 plugins.
Preloading 0 native plugins for Editor in 0.00 ms.
Mono: successfully reloaded assembly
- Completed reload, in  3.482 seconds
Platform modules already initialized, skipping
Refreshing native plugins compatible for Editor in 0.84 ms, found 2 plugins.
Preloading 0 native plugins for Editor in 0.00 ms.
Unloading 1413 Unused Serialized files (Serialized files now loaded: 0)
System memory in use before: 69.2 MB.
System memory in use after: 69.3 MB.

Unloading 13 unused Assets to reduce memory usage. Loaded Objects now: 1962.
Total: 11.472900 ms (FindLiveObjects: 5.270700 ms CreateObjectMapping: 0.212300 ms MarkObjects: 5.937400 ms  DeleteObjects: 0.049200 ms)

AssetImportParameters requested are different than current active one (requested -> active):
  custom:framework-win-MediaFoundation: 216162199b28c13a410421893ffa2e32 -> 
  custom:video-decoder-ogg-theora: a1e56fd34408186e4bbccfd4996cb3dc -> 
  custom:container-muxer-webm: aa71ff27fc2769a1b78a27578f13a17b -> 
  custom:container-demuxer-webm: 4f35f7cbe854078d1ac9338744f61a02 -> 
  custom:container-demuxer-ogg: 62fdf1f143b41e24485cea50d1cbac27 -> 
  custom:video-encoder-webm-vp8: eb34c28f22e8b96e1ab97ce403110664 -> 
  custom:video-decoder-webm-vp8: 9c59270c3fd7afecdb556c50c9e8de78 -> 
  custom:audio-decoder-ogg-vorbis: bf7c407c2cedff20999df2af8eb42d56 -> 
  custom:audio-encoder-webm-vorbis: bf7c407c2cedff20999df2af8eb42d56 -> 
========================================================================
Received Import Request.
  Time since last request: 450.218078 seconds.
  path: Assets/Scripts/Ai/Ship/HasTarget.cs
  artifactKey: Guid(b6cd43f021614eb46967ef56383bce4f) Importer(815301076,1909f56bfc062723c751e8b465ee728b)
Start importing Assets/Scripts/Ai/Ship/HasTarget.cs using Guid(b6cd43f021614eb46967ef56383bce4f) Importer(815301076,1909f56bfc062723c751e8b465ee728b)  -> (artifact id: '6a0eb7929b06ea4094e288c6d914a6ea') in 0.022903 seconds 
  Import took 0.034731 seconds .

========================================================================
Received Import Request.
  Time since last request: 4.003648 seconds.
  path: Assets/Scripts/Ai/Ship/HasTarget.cs
  artifactKey: Guid(b6cd43f021614eb46967ef56383bce4f) Importer(815301076,1909f56bfc062723c751e8b465ee728b)
Start importing Assets/Scripts/Ai/Ship/HasTarget.cs using Guid(b6cd43f021614eb46967ef56383bce4f) Importer(815301076,1909f56bfc062723c751e8b465ee728b)  -> (artifact id: '6a0eb7929b06ea4094e288c6d914a6ea') in 0.018089 seconds 
  Import took 0.025542 seconds .

========================================================================
Received Prepare
Registering precompiled user dll's ...
Registered in 0.015011 seconds.
Begin MonoManager ReloadAssembly
Native extension for WindowsStandalone target not found
Native extension for WebGL target not found
Refreshing native plugins compatible for Editor in 1.11 ms, found 2 plugins.
Preloading 0 native plugins for Editor in 0.00 ms.
Mono: successfully reloaded assembly
- Completed reload, in  3.621 seconds
Platform modules already initialized, skipping
Refreshing native plugins compatible for Editor in 1.26 ms, found 2 plugins.
Preloading 0 native plugins for Editor in 0.00 ms.
Unloading 1413 Unused Serialized files (Serialized files now loaded: 0)
System memory in use before: 69.2 MB.
System memory in use after: 69.3 MB.

Unloading 13 unused Assets to reduce memory usage. Loaded Objects now: 1965.
Total: 5.154100 ms (FindLiveObjects: 0.353800 ms CreateObjectMapping: 0.119300 ms MarkObjects: 4.641600 ms  DeleteObjects: 0.036900 ms)

AssetImportParameters requested are different than current active one (requested -> active):
  custom:framework-win-MediaFoundation: 216162199b28c13a410421893ffa2e32 -> 
  custom:video-decoder-ogg-theora: a1e56fd34408186e4bbccfd4996cb3dc -> 
  custom:container-muxer-webm: aa71ff27fc2769a1b78a27578f13a17b -> 
  custom:container-demuxer-webm: 4f35f7cbe854078d1ac9338744f61a02 -> 
  custom:container-demuxer-ogg: 62fdf1f143b41e24485cea50d1cbac27 -> 
  custom:video-encoder-webm-vp8: eb34c28f22e8b96e1ab97ce403110664 -> 
  custom:video-decoder-webm-vp8: 9c59270c3fd7afecdb556c50c9e8de78 -> 
  custom:audio-decoder-ogg-vorbis: bf7c407c2cedff20999df2af8eb42d56 -> 
  custom:audio-encoder-webm-vorbis: bf7c407c2cedff20999df2af8eb42d56 -> 
========================================================================
Received Import Request.
  Time since last request: 67.810440 seconds.
  path: Assets/Scripts/Ai/Ship/HasTarget.cs
  artifactKey: Guid(b6cd43f021614eb46967ef56383bce4f) Importer(815301076,1909f56bfc062723c751e8b465ee728b)
Start importing Assets/Scripts/Ai/Ship/HasTarget.cs using Guid(b6cd43f021614eb46967ef56383bce4f) Importer(815301076,1909f56bfc062723c751e8b465ee728b)  -> (artifact id: 'ce08cdc002ffe13db67d37177d0c17ef') in 0.060181 seconds 
  Import took 0.068955 seconds .

========================================================================
Received Import Request.
  Time since last request: 2.987082 seconds.
  path: Assets/Scripts/Ai/Ship/HasTarget.cs
  artifactKey: Guid(b6cd43f021614eb46967ef56383bce4f) Importer(815301076,1909f56bfc062723c751e8b465ee728b)
Start importing Assets/Scripts/Ai/Ship/HasTarget.cs using Guid(b6cd43f021614eb46967ef56383bce4f) Importer(815301076,1909f56bfc062723c751e8b465ee728b)  -> (artifact id: 'ce08cdc002ffe13db67d37177d0c17ef') in 0.011386 seconds 
  Import took 0.018867 seconds .

========================================================================
Received Prepare
Registering precompiled user dll's ...
Registered in 0.033010 seconds.
Begin MonoManager ReloadAssembly
Native extension for WindowsStandalone target not found
Native extension for WebGL target not found
Refreshing native plugins compatible for Editor in 1.41 ms, found 2 plugins.
Preloading 0 native plugins for Editor in 0.00 ms.
Mono: successfully reloaded assembly
- Completed reload, in  5.589 seconds
Platform modules already initialized, skipping
Refreshing native plugins compatible for Editor in 1.04 ms, found 2 plugins.
Preloading 0 native plugins for Editor in 0.00 ms.
Unloading 1413 Unused Serialized files (Serialized files now loaded: 0)
System memory in use before: 69.2 MB.
System memory in use after: 69.3 MB.

Unloading 13 unused Assets to reduce memory usage. Loaded Objects now: 1968.
Total: 12.341400 ms (FindLiveObjects: 0.579300 ms CreateObjectMapping: 0.226900 ms MarkObjects: 11.366700 ms  DeleteObjects: 0.165200 ms)

AssetImportParameters requested are different than current active one (requested -> active):
  custom:framework-win-MediaFoundation: 216162199b28c13a410421893ffa2e32 -> 
  custom:video-decoder-ogg-theora: a1e56fd34408186e4bbccfd4996cb3dc -> 
  custom:container-muxer-webm: aa71ff27fc2769a1b78a27578f13a17b -> 
  custom:container-demuxer-webm: 4f35f7cbe854078d1ac9338744f61a02 -> 
  custom:container-demuxer-ogg: 62fdf1f143b41e24485cea50d1cbac27 -> 
  custom:video-encoder-webm-vp8: eb34c28f22e8b96e1ab97ce403110664 -> 
  custom:video-decoder-webm-vp8: 9c59270c3fd7afecdb556c50c9e8de78 -> 
  custom:audio-decoder-ogg-vorbis: bf7c407c2cedff20999df2af8eb42d56 -> 
  custom:audio-encoder-webm-vorbis: bf7c407c2cedff20999df2af8eb42d56 -> 
========================================================================
Received Prepare
Registering precompiled user dll's ...
Registered in 0.012950 seconds.
Begin MonoManager ReloadAssembly
Native extension for WindowsStandalone target not found
Native extension for WebGL target not found
Refreshing native plugins compatible for Editor in 1.31 ms, found 2 plugins.
Preloading 0 native plugins for Editor in 0.00 ms.
Mono: successfully reloaded assembly
- Completed reload, in  4.604 seconds
Platform modules already initialized, skipping
Refreshing native plugins compatible for Editor in 2.09 ms, found 2 plugins.
Preloading 0 native plugins for Editor in 0.00 ms.
Unloading 1413 Unused Serialized files (Serialized files now loaded: 0)
System memory in use before: 69.2 MB.
System memory in use after: 69.4 MB.

Unloading 13 unused Assets to reduce memory usage. Loaded Objects now: 1971.
Total: 13.290200 ms (FindLiveObjects: 0.493800 ms CreateObjectMapping: 1.873900 ms MarkObjects: 10.874200 ms  DeleteObjects: 0.045000 ms)

AssetImportParameters requested are different than current active one (requested -> active):
  custom:framework-win-MediaFoundation: 216162199b28c13a410421893ffa2e32 -> 
  custom:video-decoder-ogg-theora: a1e56fd34408186e4bbccfd4996cb3dc -> 
  custom:container-muxer-webm: aa71ff27fc2769a1b78a27578f13a17b -> 
  custom:container-demuxer-webm: 4f35f7cbe854078d1ac9338744f61a02 -> 
  custom:container-demuxer-ogg: 62fdf1f143b41e24485cea50d1cbac27 -> 
  custom:video-encoder-webm-vp8: eb34c28f22e8b96e1ab97ce403110664 -> 
  custom:video-decoder-webm-vp8: 9c59270c3fd7afecdb556c50c9e8de78 -> 
  custom:audio-decoder-ogg-vorbis: bf7c407c2cedff20999df2af8eb42d56 -> 
  custom:audio-encoder-webm-vorbis: bf7c407c2cedff20999df2af8eb42d56 -> 
========================================================================
Received Prepare
Registering precompiled user dll's ...
Registered in 0.016556 seconds.
Begin MonoManager ReloadAssembly
Native extension for WindowsStandalone target not found
Native extension for WebGL target not found
Refreshing native plugins compatible for Editor in 0.71 ms, found 2 plugins.
Preloading 0 native plugins for Editor in 0.00 ms.
Mono: successfully reloaded assembly
- Completed reload, in  3.727 seconds
Platform modules already initialized, skipping
Refreshing native plugins compatible for Editor in 0.98 ms, found 2 plugins.
Preloading 0 native plugins for Editor in 0.00 ms.
Unloading 1413 Unused Serialized files (Serialized files now loaded: 0)
System memory in use before: 69.3 MB.
System memory in use after: 69.4 MB.

Unloading 13 unused Assets to reduce memory usage. Loaded Objects now: 1974.
Total: 7.248400 ms (FindLiveObjects: 0.383400 ms CreateObjectMapping: 0.130200 ms MarkObjects: 6.687300 ms  DeleteObjects: 0.043900 ms)

AssetImportParameters requested are different than current active one (requested -> active):
  custom:framework-win-MediaFoundation: 216162199b28c13a410421893ffa2e32 -> 
  custom:video-decoder-ogg-theora: a1e56fd34408186e4bbccfd4996cb3dc -> 
  custom:container-muxer-webm: aa71ff27fc2769a1b78a27578f13a17b -> 
  custom:container-demuxer-webm: 4f35f7cbe854078d1ac9338744f61a02 -> 
  custom:container-demuxer-ogg: 62fdf1f143b41e24485cea50d1cbac27 -> 
  custom:video-encoder-webm-vp8: eb34c28f22e8b96e1ab97ce403110664 -> 
  custom:video-decoder-webm-vp8: 9c59270c3fd7afecdb556c50c9e8de78 -> 
  custom:audio-decoder-ogg-vorbis: bf7c407c2cedff20999df2af8eb42d56 -> 
  custom:audio-encoder-webm-vorbis: bf7c407c2cedff20999df2af8eb42d56 -> 
========================================================================
Received Prepare
Registering precompiled user dll's ...
Registered in 0.010783 seconds.
Begin MonoManager ReloadAssembly
Native extension for WindowsStandalone target not found
Native extension for WebGL target not found
Refreshing native plugins compatible for Editor in 0.53 ms, found 2 plugins.
Preloading 0 native plugins for Editor in 0.00 ms.
Mono: successfully reloaded assembly
- Completed reload, in  2.552 seconds
Platform modules already initialized, skipping
Refreshing native plugins compatible for Editor in 0.85 ms, found 2 plugins.
Preloading 0 native plugins for Editor in 0.00 ms.
Unloading 1413 Unused Serialized files (Serialized files now loaded: 0)
System memory in use before: 69.3 MB.
System memory in use after: 69.4 MB.

Unloading 13 unused Assets to reduce memory usage. Loaded Objects now: 1977.
Total: 9.166900 ms (FindLiveObjects: 3.544400 ms CreateObjectMapping: 0.324700 ms MarkObjects: 5.252700 ms  DeleteObjects: 0.041300 ms)

AssetImportParameters requested are different than current active one (requested -> active):
  custom:framework-win-MediaFoundation: 216162199b28c13a410421893ffa2e32 -> 
  custom:video-decoder-ogg-theora: a1e56fd34408186e4bbccfd4996cb3dc -> 
  custom:container-muxer-webm: aa71ff27fc2769a1b78a27578f13a17b -> 
  custom:container-demuxer-webm: 4f35f7cbe854078d1ac9338744f61a02 -> 
  custom:container-demuxer-ogg: 62fdf1f143b41e24485cea50d1cbac27 -> 
  custom:video-encoder-webm-vp8: eb34c28f22e8b96e1ab97ce403110664 -> 
  custom:video-decoder-webm-vp8: 9c59270c3fd7afecdb556c50c9e8de78 -> 
  custom:audio-decoder-ogg-vorbis: bf7c407c2cedff20999df2af8eb42d56 -> 
  custom:audio-encoder-webm-vorbis: bf7c407c2cedff20999df2af8eb42d56 -> 
========================================================================
Received Prepare
Registering precompiled user dll's ...
Registered in 0.018710 seconds.
Begin MonoManager ReloadAssembly
Native extension for WindowsStandalone target not found
Native extension for WebGL target not found
Refreshing native plugins compatible for Editor in 0.62 ms, found 2 plugins.
Preloading 0 native plugins for Editor in 0.00 ms.
Mono: successfully reloaded assembly
- Completed reload, in  3.981 seconds
Platform modules already initialized, skipping
Refreshing native plugins compatible for Editor in 1.07 ms, found 2 plugins.
Preloading 0 native plugins for Editor in 0.00 ms.
Unloading 1413 Unused Serialized files (Serialized files now loaded: 0)
System memory in use before: 69.3 MB.
System memory in use after: 69.4 MB.

Unloading 13 unused Assets to reduce memory usage. Loaded Objects now: 1980.
Total: 8.422800 ms (FindLiveObjects: 0.519700 ms CreateObjectMapping: 0.242700 ms MarkObjects: 7.613100 ms  DeleteObjects: 0.044500 ms)

AssetImportParameters requested are different than current active one (requested -> active):
  custom:framework-win-MediaFoundation: 216162199b28c13a410421893ffa2e32 -> 
  custom:video-decoder-ogg-theora: a1e56fd34408186e4bbccfd4996cb3dc -> 
  custom:container-muxer-webm: aa71ff27fc2769a1b78a27578f13a17b -> 
  custom:container-demuxer-webm: 4f35f7cbe854078d1ac9338744f61a02 -> 
  custom:container-demuxer-ogg: 62fdf1f143b41e24485cea50d1cbac27 -> 
  custom:video-encoder-webm-vp8: eb34c28f22e8b96e1ab97ce403110664 -> 
  custom:video-decoder-webm-vp8: 9c59270c3fd7afecdb556c50c9e8de78 -> 
  custom:audio-decoder-ogg-vorbis: bf7c407c2cedff20999df2af8eb42d56 -> 
  custom:audio-encoder-webm-vorbis: bf7c407c2cedff20999df2af8eb42d56 -> 
========================================================================
Received Prepare
Registering precompiled user dll's ...
Registered in 0.048565 seconds.
Begin MonoManager ReloadAssembly
Native extension for WindowsStandalone target not found
Native extension for WebGL target not found
Refreshing native plugins compatible for Editor in 0.62 ms, found 2 plugins.
Preloading 0 native plugins for Editor in 0.00 ms.
Mono: successfully reloaded assembly
- Completed reload, in  3.646 seconds
Platform modules already initialized, skipping
Refreshing native plugins compatible for Editor in 1.14 ms, found 2 plugins.
Preloading 0 native plugins for Editor in 0.00 ms.
Unloading 1413 Unused Serialized files (Serialized files now loaded: 0)
System memory in use before: 69.3 MB.
System memory in use after: 69.4 MB.

Unloading 13 unused Assets to reduce memory usage. Loaded Objects now: 1983.
Total: 15.095500 ms (FindLiveObjects: 0.544100 ms CreateObjectMapping: 0.286500 ms MarkObjects: 14.213800 ms  DeleteObjects: 0.046500 ms)

AssetImportParameters requested are different than current active one (requested -> active):
  custom:framework-win-MediaFoundation: 216162199b28c13a410421893ffa2e32 -> 
  custom:video-decoder-ogg-theora: a1e56fd34408186e4bbccfd4996cb3dc -> 
  custom:container-muxer-webm: aa71ff27fc2769a1b78a27578f13a17b -> 
  custom:container-demuxer-webm: 4f35f7cbe854078d1ac9338744f61a02 -> 
  custom:container-demuxer-ogg: 62fdf1f143b41e24485cea50d1cbac27 -> 
  custom:video-encoder-webm-vp8: eb34c28f22e8b96e1ab97ce403110664 -> 
  custom:video-decoder-webm-vp8: 9c59270c3fd7afecdb556c50c9e8de78 -> 
  custom:audio-decoder-ogg-vorbis: bf7c407c2cedff20999df2af8eb42d56 -> 
  custom:audio-encoder-webm-vorbis: bf7c407c2cedff20999df2af8eb42d56 -> 
========================================================================
Received Prepare
Registering precompiled user dll's ...
Registered in 0.019898 seconds.
Begin MonoManager ReloadAssembly
Native extension for WindowsStandalone target not found
Native extension for WebGL target not found
Refreshing native plugins compatible for Editor in 0.87 ms, found 2 plugins.
Preloading 0 native plugins for Editor in 0.00 ms.
Mono: successfully reloaded assembly
- Completed reload, in  3.949 seconds
Platform modules already initialized, skipping
Refreshing native plugins compatible for Editor in 1.24 ms, found 2 plugins.
Preloading 0 native plugins for Editor in 0.00 ms.
Unloading 1413 Unused Serialized files (Serialized files now loaded: 0)
System memory in use before: 69.3 MB.
System memory in use after: 69.4 MB.

Unloading 13 unused Assets to reduce memory usage. Loaded Objects now: 1986.
Total: 8.100200 ms (FindLiveObjects: 0.620200 ms CreateObjectMapping: 0.776700 ms MarkObjects: 6.633900 ms  DeleteObjects: 0.064900 ms)

AssetImportParameters requested are different than current active one (requested -> active):
  custom:framework-win-MediaFoundation: 216162199b28c13a410421893ffa2e32 -> 
  custom:video-decoder-ogg-theora: a1e56fd34408186e4bbccfd4996cb3dc -> 
  custom:container-muxer-webm: aa71ff27fc2769a1b78a27578f13a17b -> 
  custom:container-demuxer-webm: 4f35f7cbe854078d1ac9338744f61a02 -> 
  custom:container-demuxer-ogg: 62fdf1f143b41e24485cea50d1cbac27 -> 
  custom:video-encoder-webm-vp8: eb34c28f22e8b96e1ab97ce403110664 -> 
  custom:video-decoder-webm-vp8: 9c59270c3fd7afecdb556c50c9e8de78 -> 
  custom:audio-decoder-ogg-vorbis: bf7c407c2cedff20999df2af8eb42d56 -> 
  custom:audio-encoder-webm-vorbis: bf7c407c2cedff20999df2af8eb42d56 -> 
========================================================================
Received Prepare
Registering precompiled user dll's ...
Registered in 0.009473 seconds.
Begin MonoManager ReloadAssembly
Native extension for WindowsStandalone target not found
Native extension for WebGL target not found
Refreshing native plugins compatible for Editor in 0.55 ms, found 2 plugins.
Preloading 0 native plugins for Editor in 0.00 ms.
Mono: successfully reloaded assembly
- Completed reload, in  2.886 seconds
Platform modules already initialized, skipping
Refreshing native plugins compatible for Editor in 1.38 ms, found 2 plugins.
Preloading 0 native plugins for Editor in 0.00 ms.
Unloading 1413 Unused Serialized files (Serialized files now loaded: 0)
System memory in use before: 69.3 MB.
System memory in use after: 69.4 MB.

Unloading 13 unused Assets to reduce memory usage. Loaded Objects now: 1989.
Total: 16.389600 ms (FindLiveObjects: 0.472600 ms CreateObjectMapping: 0.236400 ms MarkObjects: 15.611600 ms  DeleteObjects: 0.066000 ms)

AssetImportParameters requested are different than current active one (requested -> active):
  custom:framework-win-MediaFoundation: 216162199b28c13a410421893ffa2e32 -> 
  custom:video-decoder-ogg-theora: a1e56fd34408186e4bbccfd4996cb3dc -> 
  custom:container-muxer-webm: aa71ff27fc2769a1b78a27578f13a17b -> 
  custom:container-demuxer-webm: 4f35f7cbe854078d1ac9338744f61a02 -> 
  custom:container-demuxer-ogg: 62fdf1f143b41e24485cea50d1cbac27 -> 
  custom:video-encoder-webm-vp8: eb34c28f22e8b96e1ab97ce403110664 -> 
  custom:video-decoder-webm-vp8: 9c59270c3fd7afecdb556c50c9e8de78 -> 
  custom:audio-decoder-ogg-vorbis: bf7c407c2cedff20999df2af8eb42d56 -> 
  custom:audio-encoder-webm-vorbis: bf7c407c2cedff20999df2af8eb42d56 -> 
========================================================================
Received Prepare
Registering precompiled user dll's ...
Registered in 0.020603 seconds.
Begin MonoManager ReloadAssembly
Native extension for WindowsStandalone target not found
Native extension for WebGL target not found
Refreshing native plugins compatible for Editor in 0.64 ms, found 2 plugins.
Preloading 0 native plugins for Editor in 0.00 ms.
Mono: successfully reloaded assembly
- Completed reload, in  3.633 seconds
Platform modules already initialized, skipping
Refreshing native plugins compatible for Editor in 1.20 ms, found 2 plugins.
Preloading 0 native plugins for Editor in 0.00 ms.
Unloading 1413 Unused Serialized files (Serialized files now loaded: 0)
System memory in use before: 69.3 MB.
System memory in use after: 69.4 MB.

Unloading 13 unused Assets to reduce memory usage. Loaded Objects now: 1992.
Total: 18.843400 ms (FindLiveObjects: 0.796600 ms CreateObjectMapping: 0.207200 ms MarkObjects: 17.791400 ms  DeleteObjects: 0.044600 ms)

AssetImportParameters requested are different than current active one (requested -> active):
  custom:framework-win-MediaFoundation: 216162199b28c13a410421893ffa2e32 -> 
  custom:video-decoder-ogg-theora: a1e56fd34408186e4bbccfd4996cb3dc -> 
  custom:container-muxer-webm: aa71ff27fc2769a1b78a27578f13a17b -> 
  custom:container-demuxer-webm: 4f35f7cbe854078d1ac9338744f61a02 -> 
  custom:container-demuxer-ogg: 62fdf1f143b41e24485cea50d1cbac27 -> 
  custom:video-encoder-webm-vp8: eb34c28f22e8b96e1ab97ce403110664 -> 
  custom:video-decoder-webm-vp8: 9c59270c3fd7afecdb556c50c9e8de78 -> 
  custom:audio-decoder-ogg-vorbis: bf7c407c2cedff20999df2af8eb42d56 -> 
  custom:audio-encoder-webm-vorbis: bf7c407c2cedff20999df2af8eb42d56 -> 
========================================================================
Received Prepare
Registering precompiled user dll's ...
Registered in 0.012443 seconds.
Begin MonoManager ReloadAssembly
Native extension for WindowsStandalone target not found
Native extension for WebGL target not found
Refreshing native plugins compatible for Editor in 1.10 ms, found 2 plugins.
Preloading 0 native plugins for Editor in 0.00 ms.
Mono: successfully reloaded assembly
- Completed reload, in  2.726 seconds
Platform modules already initialized, skipping
Refreshing native plugins compatible for Editor in 1.13 ms, found 2 plugins.
Preloading 0 native plugins for Editor in 0.00 ms.
Unloading 1413 Unused Serialized files (Serialized files now loaded: 0)
System memory in use before: 69.3 MB.
System memory in use after: 69.4 MB.

Unloading 13 unused Assets to reduce memory usage. Loaded Objects now: 1995.
Total: 8.011000 ms (FindLiveObjects: 0.600300 ms CreateObjectMapping: 0.244700 ms MarkObjects: 7.118500 ms  DeleteObjects: 0.044100 ms)

AssetImportParameters requested are different than current active one (requested -> active):
  custom:framework-win-MediaFoundation: 216162199b28c13a410421893ffa2e32 -> 
  custom:video-decoder-ogg-theora: a1e56fd34408186e4bbccfd4996cb3dc -> 
  custom:container-muxer-webm: aa71ff27fc2769a1b78a27578f13a17b -> 
  custom:container-demuxer-webm: 4f35f7cbe854078d1ac9338744f61a02 -> 
  custom:container-demuxer-ogg: 62fdf1f143b41e24485cea50d1cbac27 -> 
  custom:video-encoder-webm-vp8: eb34c28f22e8b96e1ab97ce403110664 -> 
  custom:video-decoder-webm-vp8: 9c59270c3fd7afecdb556c50c9e8de78 -> 
  custom:audio-decoder-ogg-vorbis: bf7c407c2cedff20999df2af8eb42d56 -> 
  custom:audio-encoder-webm-vorbis: bf7c407c2cedff20999df2af8eb42d56 -> 
========================================================================
Received Prepare
Registering precompiled user dll's ...
Registered in 0.043058 seconds.
Begin MonoManager ReloadAssembly
Native extension for WindowsStandalone target not found
Native extension for WebGL target not found
Refreshing native plugins compatible for Editor in 0.93 ms, found 2 plugins.
Preloading 0 native plugins for Editor in 0.00 ms.
Mono: successfully reloaded assembly
- Completed reload, in  1.905 seconds
Platform modules already initialized, skipping
Refreshing native plugins compatible for Editor in 0.76 ms, found 2 plugins.
Preloading 0 native plugins for Editor in 0.00 ms.
Unloading 1413 Unused Serialized files (Serialized files now loaded: 0)
System memory in use before: 69.3 MB.
System memory in use after: 69.4 MB.

Unloading 13 unused Assets to reduce memory usage. Loaded Objects now: 1998.
Total: 4.239900 ms (FindLiveObjects: 0.442500 ms CreateObjectMapping: 0.201900 ms MarkObjects: 3.564200 ms  DeleteObjects: 0.029200 ms)

AssetImportParameters requested are different than current active one (requested -> active):
  custom:framework-win-MediaFoundation: 216162199b28c13a410421893ffa2e32 -> 
  custom:video-decoder-ogg-theora: a1e56fd34408186e4bbccfd4996cb3dc -> 
  custom:container-muxer-webm: aa71ff27fc2769a1b78a27578f13a17b -> 
  custom:container-demuxer-webm: 4f35f7cbe854078d1ac9338744f61a02 -> 
  custom:container-demuxer-ogg: 62fdf1f143b41e24485cea50d1cbac27 -> 
  custom:video-encoder-webm-vp8: eb34c28f22e8b96e1ab97ce403110664 -> 
  custom:video-decoder-webm-vp8: 9c59270c3fd7afecdb556c50c9e8de78 -> 
  custom:audio-decoder-ogg-vorbis: bf7c407c2cedff20999df2af8eb42d56 -> 
  custom:audio-encoder-webm-vorbis: bf7c407c2cedff20999df2af8eb42d56 -> 
AssetImportWorkerClient::OnTransportError - code=2 error=End of file
